#
# A fatal error has been detected by the Java Runtime Environment:
#
#  EXCEPTION_ACCESS_VIOLATION (0xc0000005) at pc=0x000002072e910900, pid=8596, tid=4484
#
# JRE version: OpenJDK Runtime Environment (11.0.12+7) (build 11.0.12+7-b1504.28-7817840)
# Java VM: OpenJDK 64-Bit Server VM (11.0.12+7-b1504.28-7817840, mixed mode, tiered, compressed oops, g1 gc, windows-amd64)
# Problematic frame:
# v  ~StubRoutines::checkcast_arraycopy_uninit
#
# No core dump will be written. Minidumps are not enabled by default on client versions of Windows
#
# If you would like to submit a bug report, please visit:
#   https://bugreport.java.com/bugreport/crash.jsp
#

---------------  S U M M A R Y ------------

Command Line: -XX:MaxPermSize=512m --add-opens=java.base/java.util=ALL-UNNAMED --add-opens=java.base/java.lang=ALL-UNNAMED --add-opens=java.base/java.lang.invoke=ALL-UNNAMED --add-opens=java.base/java.util=ALL-UNNAMED --add-opens=java.prefs/java.util.prefs=ALL-UNNAMED --add-opens=java.prefs/java.util.prefs=ALL-UNNAMED --add-opens=java.base/java.nio.charset=ALL-UNNAMED --add-opens=java.base/java.net=ALL-UNNAMED --add-opens=java.base/java.util.concurrent.atomic=ALL-UNNAMED -Xmx3500M -Dfile.encoding=UTF-8 -Duser.country=RU -Duser.language=ru -Duser.variant org.gradle.launcher.daemon.bootstrap.GradleDaemon 7.3.3

Host: AMD Phenom(tm) II X4 965 Processor, 4 cores, 10G,  Windows 10 , 64 bit Build 19041 (10.0.19041.1889)
Time: Sat Sep 24 20:21:17 2022 Новосибирское стандартное время elapsed time: 48.050806 seconds (0d 0h 0m 48s)

---------------  T H R E A D  ---------------

Current thread (0x000002074dc20800):  JavaThread "Unconstrained build operations" [_thread_in_Java, id=4484, stack(0x0000005020100000,0x0000005020200000)]

Stack: [0x0000005020100000,0x0000005020200000],  sp=0x00000050201fb938,  free space=1006k
Native frames: (J=compiled Java code, j=interpreted, Vv=VM code, C=native code)
C  0x000002072e910900


siginfo: EXCEPTION_ACCESS_VIOLATION (0xc0000005), reading address 0x000000034d4554ef


Register to memory mapping:

RIP=0x000002072e910900 is at begin+160 in a stub
StubRoutines::checkcast_arraycopy_uninit [0x000002072e910860, 0x000002072e910a23[ (451 bytes)
RAX=0x0000000800001408 is a pointer to class: 
java.lang.Comparable {0x0000000800001410}
RBX=0x00000000000027f3 is an unknown value
RCX=0x0000000000000020 is an unknown value
RDX=0xfffffffffffff0a4 is an unknown value
RSP=0x00000050201fb938 is pointing into the stack for thread: 0x000002074dc20800
RBP=0x00000050201fb960 is pointing into the stack for thread: 0x000002074dc20800
RSI=0x000000073155f0f8 is pointing into object: [Ljava.lang.Comparable; 
{0x000000073155f0e8} - klass: 'java/lang/Comparable'[]
 - length: 10227
RDI=0x000000034d4554ef is an unknown value
R8 =0x0000000800001408 is a pointer to class: 
java.lang.Comparable {0x0000000800001410}
R9 =0x0000020748030058 is pointing into metadata
R10=0x0000000800014108 is a pointer to class: 
R11=0x0000000800000000 is pointing into metadata
R12=0x0 is NULL
R13=0x00000007315690c4 is pointing into object: [Ljava.lang.Comparable; 
{0x000000073155f0e8} - klass: 'java/lang/Comparable'[]
 - length: 10227
R14=0x00000000000027f3 is an unknown value
R15=0x000002074dc20800 is a thread


Registers:
RAX=0x0000000800001408, RBX=0x00000000000027f3, RCX=0x0000000000000020, RDX=0xfffffffffffff0a4
RSP=0x00000050201fb938, RBP=0x00000050201fb960, RSI=0x000000073155f0f8, RDI=0x000000034d4554ef
R8 =0x0000000800001408, R9 =0x0000020748030058, R10=0x0000000800014108, R11=0x0000000800000000
R12=0x0000000000000000, R13=0x00000007315690c4, R14=0x00000000000027f3, R15=0x000002074dc20800
RIP=0x000002072e910900, EFLAGS=0x0000000000010246

Top of Stack: (sp=0x00000050201fb938)
0x00000050201fb938:   000000073298f5bc 0000000000000020
0x00000050201fb948:   0000000735b2e7c8 00000000000027f3
0x00000050201fb958:   000000073155f0f8 000000073155f0e8
0x00000050201fb968:   00000207367c9ec2 00000050201fb9b8
0x00000050201fb978:   000002074befa6e0 0000020755daf390
0x00000050201fb988:   000000072569a268 0000000800001408
0x00000050201fb998:   00000007329855e0 00000000000013fa
0x00000050201fb9a8:   0000000000000000 0000000731c83e70
0x00000050201fb9b8:   0000020736523ba4 0000000000000009
0x00000050201fb9c8:   0000000731c83e70 0000000000000020
0x00000050201fb9d8:   0000000000000020 0000000725bb3ec0
0x00000050201fb9e8:   00000000000027f3 0000000800001408
0x00000050201fb9f8:   0000000000007898 0000000800036600
0x00000050201fba08:   0000020730ecbd5b 00000050201fbba8
0x00000050201fba18:   0000020730ecc34c 00000050201fbba8
0x00000050201fba28:   0000020730321484 0000020700000000 

Instructions: (pc=0x000002072e910900)
0x000002072e910800:   8b 64 24 18 4c 8b 5c 24 20 4c 8b 54 24 28 4c 8b
0x000002072e910810:   4c 24 30 4c 8b 44 24 38 48 8b 7c 24 40 48 8b 74
0x000002072e910820:   24 48 48 8b 6c 24 50 48 8b 5c 24 60 48 8b 54 24
0x000002072e910830:   68 48 8b 4c 24 70 48 8b 44 24 78 48 81 c4 80 00
0x000002072e910840:   00 00 4c 8b 2c 24 4c 8b 74 24 08 49 8b f9 49 8b
0x000002072e910850:   f2 c9 c3 0f 1f 80 00 00 00 00 66 0f 1f 44 00 00
0x000002072e910860:   55 48 8b ec 49 8b c1 4c 8b cf 4c 8b d6 48 8b f9
0x000002072e910870:   48 8b f2 49 8b d0 48 8b c8 4c 8b 44 24 30 48 83
0x000002072e910880:   ec 10 4c 89 2c 24 4c 89 74 24 08 48 8d 3c 97 4c
0x000002072e910890:   8d 2c 96 4c 8b f2 48 f7 da 0f 85 23 00 00 00 48
0x000002072e9108a0:   33 c0 e9 6b 01 00 00 66 0f 1f 84 00 00 00 00 00
0x000002072e9108b0:   48 c1 e8 03 41 89 44 95 00 48 ff c2 0f 84 65 00
0x000002072e9108c0:   00 00 8b 04 97 48 c1 e0 03 48 85 c0 74 e2 44 8b
0x000002072e9108d0:   58 08 49 bc 00 00 00 00 08 00 00 00 4d 03 dc 4d
0x000002072e9108e0:   33 e4 4d 3b d8 74 c9 4d 3b 04 0b 74 c3 83 f9 20
0x000002072e9108f0:   0f 85 21 00 00 00 50 49 8b c0 51 57 49 8b 7b 28
0x000002072e910900:   8b 0f 48 83 c7 08 48 85 c0 f2 48 af 5f 59 58 75
0x000002072e910910:   06 4d 89 43 20 eb 99 4c 03 f2 49 8b c6 48 f7 d0
0x000002072e910920:   75 08 e9 eb 00 00 00 48 33 c0 48 89 64 24 d8 48
0x000002072e910930:   81 ec 80 00 00 00 48 89 44 24 78 48 89 4c 24 70
0x000002072e910940:   48 89 54 24 68 48 89 5c 24 60 48 89 6c 24 50 48
0x000002072e910950:   89 74 24 48 48 89 7c 24 40 4c 89 44 24 38 4c 89
0x000002072e910960:   4c 24 30 4c 89 54 24 28 4c 89 5c 24 20 4c 89 64
0x000002072e910970:   24 18 4c 89 6c 24 10 4c 89 74 24 08 4c 89 3c 24
0x000002072e910980:   48 8b ce 49 8b d6 48 83 ec 20 f7 c4 0f 00 00 00
0x000002072e910990:   0f 84 1a 00 00 00 48 83 ec 08 49 ba f0 74 96 6f
0x000002072e9109a0:   f8 7f 00 00 41 ff d2 48 83 c4 08 e9 0d 00 00 00
0x000002072e9109b0:   49 ba f0 74 96 6f f8 7f 00 00 41 ff d2 48 83 c4
0x000002072e9109c0:   20 4c 8b 3c 24 4c 8b 74 24 08 4c 8b 6c 24 10 4c
0x000002072e9109d0:   8b 64 24 18 4c 8b 5c 24 20 4c 8b 54 24 28 4c 8b
0x000002072e9109e0:   4c 24 30 4c 8b 44 24 38 48 8b 7c 24 40 48 8b 74
0x000002072e9109f0:   24 48 48 8b 6c 24 50 48 8b 5c 24 60 48 8b 54 24 


Stack slot to memory mapping:
stack at sp + 0 slots: 0x000000073298f5bc is pointing into object: [Ljava.lang.Object; 
{0x00000007329855e0} - klass: 'java/lang/Object'[]
 - length: 14053
stack at sp + 1 slots: 0x0000000000000020 is an unknown value
stack at sp + 2 slots: 0x0000000735b2e7c8 is pointing into object: [B 
{0x0000000735b2c960} - klass: {type array byte}
 - length: 8192
stack at sp + 3 slots: 0x00000000000027f3 is an unknown value
stack at sp + 4 slots: 0x000000073155f0f8 is pointing into object: [Ljava.lang.Comparable; 
{0x000000073155f0e8} - klass: 'java/lang/Comparable'[]
 - length: 10227
stack at sp + 5 slots: 0x000000073155f0e8 is an oop: [Ljava.lang.Comparable; 
{0x000000073155f0e8} - klass: 'java/lang/Comparable'[]
 - length: 10227
stack at sp + 6 slots: 0x00000207367c9ec2 is at entry_point+770 in (nmethod*)0x00000207367c9a10
stack at sp + 7 slots: 0x00000050201fb9b8 is pointing into the stack for thread: 0x000002074dc20800

StubRoutines::checkcast_arraycopy_uninit [0x000002072e910860, 0x000002072e910a23[ (451 bytes)
---------------  P R O C E S S  ---------------

Threads class SMR info:
_java_thread_list=0x000002074fb88090, length=87, elements={
0x000002072adcc800, 0x0000020748850000, 0x0000020748851000, 0x00000207488d5000,
0x00000207488d6000, 0x00000207488d9000, 0x00000207488dd000, 0x00000207488e1800,
0x00000207488e3800, 0x0000020748a51800, 0x0000020748a4f000, 0x0000020748a50000,
0x0000020748a52800, 0x0000020748a4e800, 0x0000020748a53000, 0x0000020748a54000,
0x0000020748a55000, 0x0000020748a51000, 0x000002074af16000, 0x000002074af17000,
0x000002074af19800, 0x000002074af15000, 0x000002074af17800, 0x000002074af18800,
0x000002074af1a000, 0x000002074af14800, 0x000002074af1b000, 0x000002074af1c800,
0x000002074af1e000, 0x000002074af1d800, 0x000002074af21800, 0x000002074af20000,
0x000002074af23000, 0x000002074dc1f800, 0x000002074dc1f000, 0x000002074dc1e000,
0x000002074dc20800, 0x000002074dc21000, 0x000002074dc22000, 0x000002074dc1c800,
0x000002074dc23000, 0x000002074dc1d000, 0x000002074dc23800, 0x000002074dc29800,
0x000002074dc2a000, 0x000002074dc24800, 0x000002074dc27800, 0x000002074dc28800,
0x000002074dc2b000, 0x000002074dc26000, 0x000002074dc25800, 0x000002074dc27000,
0x0000020749697000, 0x0000020749693800, 0x0000020749694800, 0x0000020749697800,
0x0000020749693000, 0x0000020749692000, 0x0000020749695000, 0x0000020749698800,
0x0000020749696000, 0x000002074ad30000, 0x000002074ad32800, 0x000002074ad34000,
0x000002074ad33800, 0x000002074ad35000, 0x000002074ad35800, 0x000002074ad36800,
0x000002074ad31000, 0x000002074ad37800, 0x000002074ad31800, 0x000002074ad38000,
0x000002074ad3e800, 0x000002074ad3b800, 0x000002074ad3a000, 0x000002074ad3d000,
0x000002074ad3c000, 0x000002074ad3e000, 0x000002074ad39000, 0x00000207528f9000,
0x00000207528f7800, 0x00000207528f4000, 0x00000207528f6800, 0x00000207528f5000,
0x00000207528fa000, 0x00000207528fa800, 0x00000207528f6000
}

Java Threads: ( => current thread )
  0x000002072adcc800 JavaThread "main" [_thread_blocked, id=10660, stack(0x000000501d200000,0x000000501d300000)]
  0x0000020748850000 JavaThread "Reference Handler" daemon [_thread_blocked, id=10608, stack(0x000000501d900000,0x000000501da00000)]
  0x0000020748851000 JavaThread "Finalizer" daemon [_thread_blocked, id=8812, stack(0x000000501da00000,0x000000501db00000)]
  0x00000207488d5000 JavaThread "Signal Dispatcher" daemon [_thread_blocked, id=1364, stack(0x000000501db00000,0x000000501dc00000)]
  0x00000207488d6000 JavaThread "Attach Listener" daemon [_thread_blocked, id=5380, stack(0x000000501dc00000,0x000000501dd00000)]
  0x00000207488d9000 JavaThread "Service Thread" daemon [_thread_blocked, id=2616, stack(0x000000501dd00000,0x000000501de00000)]
  0x00000207488dd000 JavaThread "C2 CompilerThread0" daemon [_thread_blocked, id=6552, stack(0x000000501de00000,0x000000501df00000)]
  0x00000207488e1800 JavaThread "C1 CompilerThread0" daemon [_thread_blocked, id=8740, stack(0x000000501df00000,0x000000501e000000)]
  0x00000207488e3800 JavaThread "Sweeper thread" daemon [_thread_blocked, id=1212, stack(0x000000501e000000,0x000000501e100000)]
  0x0000020748a51800 JavaThread "Common-Cleaner" daemon [_thread_blocked, id=11900, stack(0x000000501e100000,0x000000501e200000)]
  0x0000020748a4f000 JavaThread "Daemon health stats" [_thread_blocked, id=2956, stack(0x000000501e700000,0x000000501e800000)]
  0x0000020748a50000 JavaThread "Incoming local TCP Connector on port 1242" [_thread_in_native, id=8792, stack(0x000000501e800000,0x000000501e900000)]
  0x0000020748a52800 JavaThread "Daemon periodic checks" [_thread_blocked, id=4652, stack(0x000000501e900000,0x000000501ea00000)]
  0x0000020748a4e800 JavaThread "Daemon" [_thread_blocked, id=10440, stack(0x000000501ea00000,0x000000501eb00000)]
  0x0000020748a53000 JavaThread "Handler for socket connection from /127.0.0.1:1242 to /127.0.0.1:1243" [_thread_in_native, id=6392, stack(0x000000501eb00000,0x000000501ec00000)]
  0x0000020748a54000 JavaThread "Cancel handler" [_thread_blocked, id=8320, stack(0x000000501ec00000,0x000000501ed00000)]
  0x0000020748a55000 JavaThread "Daemon worker" [_thread_blocked, id=9748, stack(0x000000501ed00000,0x000000501ee00000)]
  0x0000020748a51000 JavaThread "Asynchronous log dispatcher for DefaultDaemonConnection: socket connection from /127.0.0.1:1242 to /127.0.0.1:1243" [_thread_blocked, id=5736, stack(0x000000501ee00000,0x000000501ef00000)]
  0x000002074af16000 JavaThread "Stdin handler" [_thread_blocked, id=10132, stack(0x000000501ef00000,0x000000501f000000)]
  0x000002074af17000 JavaThread "Daemon client event forwarder" [_thread_blocked, id=6912, stack(0x000000501f000000,0x000000501f100000)]
  0x000002074af19800 JavaThread "Cache worker for journal cache (C:\Users\PC\.gradle\caches\journal-1)" [_thread_blocked, id=13156, stack(0x000000501e300000,0x000000501e400000)]
  0x000002074af15000 JavaThread "File lock request listener" [_thread_in_native, id=1068, stack(0x000000501f100000,0x000000501f200000)]
  0x000002074af17800 JavaThread "Cache worker for file hash cache (C:\Users\PC\.gradle\caches\7.3.3\fileHashes)" [_thread_blocked, id=1064, stack(0x000000501f200000,0x000000501f300000)]
  0x000002074af18800 JavaThread "Cache worker for file hash cache (C:\Users\PC\AndroidStudioProjects\EgorMachine\.gradle\7.3.3\fileHashes)" [_thread_blocked, id=9088, stack(0x000000501f400000,0x000000501f500000)]
  0x000002074af1a000 JavaThread "File watcher server" daemon [_thread_in_native, id=8436, stack(0x000000501f500000,0x000000501f600000)]
  0x000002074af14800 JavaThread "File watcher consumer" daemon [_thread_blocked, id=10372, stack(0x000000501f600000,0x000000501f700000)]
  0x000002074af1b000 JavaThread "Cache worker for checksums cache (C:\Users\PC\AndroidStudioProjects\EgorMachine\.gradle\7.3.3\checksums)" [_thread_blocked, id=3928, stack(0x000000501f700000,0x000000501f800000)]
  0x000002074af1c800 JavaThread "Cache worker for cache directory md-supplier (C:\Users\PC\.gradle\caches\7.3.3\md-supplier)" [_thread_blocked, id=11092, stack(0x000000501f800000,0x000000501f900000)]
  0x000002074af1e000 JavaThread "Cache worker for cache directory md-rule (C:\Users\PC\.gradle\caches\7.3.3\md-rule)" [_thread_blocked, id=7468, stack(0x000000501f900000,0x000000501fa00000)]
  0x000002074af1d800 JavaThread "Cache worker for execution history cache (C:\Users\PC\.gradle\caches\7.3.3\executionHistory)" [_thread_blocked, id=11304, stack(0x000000501fa00000,0x000000501fb00000)]
  0x000002074af21800 JavaThread "jar transforms" [_thread_blocked, id=7020, stack(0x000000501fb00000,0x000000501fc00000)]
  0x000002074af20000 JavaThread "Cache worker for file content cache (C:\Users\PC\.gradle\caches\7.3.3\fileContent)" [_thread_blocked, id=3108, stack(0x000000501fc00000,0x000000501fd00000)]
  0x000002074af23000 JavaThread "jar transforms Thread 2" [_thread_blocked, id=12196, stack(0x000000501fd00000,0x000000501fe00000)]
  0x000002074dc1f800 JavaThread "Cache worker for dependencies-accessors (C:\Users\PC\AndroidStudioProjects\EgorMachine\.gradle\7.3.3\dependencies-accessors)" [_thread_blocked, id=1316, stack(0x000000501fe00000,0x000000501ff00000)]
  0x000002074dc1f000 JavaThread "jar transforms Thread 3" [_thread_blocked, id=5712, stack(0x000000501ff00000,0x0000005020000000)]
  0x000002074dc1e000 JavaThread "Cache worker for Build Output Cleanup Cache (C:\Users\PC\AndroidStudioProjects\EgorMachine\.gradle\buildOutputCleanup)" [_thread_blocked, id=5588, stack(0x000000501f300000,0x000000501f400000)]
=>0x000002074dc20800 JavaThread "Unconstrained build operations" [_thread_in_Java, id=4484, stack(0x0000005020100000,0x0000005020200000)]
  0x000002074dc21000 JavaThread "Unconstrained build operations Thread 2" [_thread_blocked, id=10072, stack(0x0000005020200000,0x0000005020300000)]
  0x000002074dc22000 JavaThread "Unconstrained build operations Thread 3" [_thread_blocked, id=8644, stack(0x0000005020300000,0x0000005020400000)]
  0x000002074dc1c800 JavaThread "Unconstrained build operations Thread 4" [_thread_blocked, id=3712, stack(0x0000005020400000,0x0000005020500000)]
  0x000002074dc23000 JavaThread "Unconstrained build operations Thread 5" [_thread_blocked, id=11064, stack(0x0000005020500000,0x0000005020600000)]
  0x000002074dc1d000 JavaThread "Unconstrained build operations Thread 6" [_thread_blocked, id=5212, stack(0x0000005020600000,0x0000005020700000)]
  0x000002074dc23800 JavaThread "Unconstrained build operations Thread 7" [_thread_blocked, id=9296, stack(0x0000005020700000,0x0000005020800000)]
  0x000002074dc29800 JavaThread "Unconstrained build operations Thread 8" [_thread_blocked, id=12712, stack(0x0000005020800000,0x0000005020900000)]
  0x000002074dc2a000 JavaThread "Unconstrained build operations Thread 9" [_thread_blocked, id=2408, stack(0x0000005020900000,0x0000005020a00000)]
  0x000002074dc24800 JavaThread "Unconstrained build operations Thread 10" [_thread_blocked, id=704, stack(0x0000005020a00000,0x0000005020b00000)]
  0x000002074dc27800 JavaThread "Unconstrained build operations Thread 11" [_thread_blocked, id=11772, stack(0x0000005020b00000,0x0000005020c00000)]
  0x000002074dc28800 JavaThread "Unconstrained build operations Thread 12" [_thread_blocked, id=2556, stack(0x0000005020c00000,0x0000005020d00000)]
  0x000002074dc2b000 JavaThread "Unconstrained build operations Thread 13" [_thread_blocked, id=8220, stack(0x0000005020d00000,0x0000005020e00000)]
  0x000002074dc26000 JavaThread "Unconstrained build operations Thread 14" [_thread_blocked, id=2960, stack(0x0000005020e00000,0x0000005020f00000)]
  0x000002074dc25800 JavaThread "Unconstrained build operations Thread 15" [_thread_blocked, id=1324, stack(0x0000005020f00000,0x0000005021000000)]
  0x000002074dc27000 JavaThread "Unconstrained build operations Thread 16" [_thread_blocked, id=1404, stack(0x0000005021000000,0x0000005021100000)]
  0x0000020749697000 JavaThread "Unconstrained build operations Thread 17" [_thread_blocked, id=6964, stack(0x0000005021100000,0x0000005021200000)]
  0x0000020749693800 JavaThread "Unconstrained build operations Thread 18" [_thread_blocked, id=13084, stack(0x0000005021200000,0x0000005021300000)]
  0x0000020749694800 JavaThread "Unconstrained build operations Thread 19" [_thread_blocked, id=5088, stack(0x0000005021300000,0x0000005021400000)]
  0x0000020749697800 JavaThread "Unconstrained build operations Thread 20" [_thread_blocked, id=8952, stack(0x0000005021400000,0x0000005021500000)]
  0x0000020749693000 JavaThread "Unconstrained build operations Thread 21" [_thread_blocked, id=4684, stack(0x0000005021500000,0x0000005021600000)]
  0x0000020749692000 JavaThread "Unconstrained build operations Thread 22" [_thread_blocked, id=6384, stack(0x0000005021600000,0x0000005021700000)]
  0x0000020749695000 JavaThread "Unconstrained build operations Thread 23" [_thread_blocked, id=8816, stack(0x0000005021700000,0x0000005021800000)]
  0x0000020749698800 JavaThread "Unconstrained build operations Thread 24" [_thread_blocked, id=12328, stack(0x0000005021800000,0x0000005021900000)]
  0x0000020749696000 JavaThread "Unconstrained build operations Thread 25" [_thread_blocked, id=8004, stack(0x0000005021900000,0x0000005021a00000)]
  0x000002074ad30000 JavaThread "Unconstrained build operations Thread 26" [_thread_blocked, id=4396, stack(0x0000005021a00000,0x0000005021b00000)]
  0x000002074ad32800 JavaThread "Unconstrained build operations Thread 27" [_thread_blocked, id=3388, stack(0x0000005021b00000,0x0000005021c00000)]
  0x000002074ad34000 JavaThread "Unconstrained build operations Thread 28" [_thread_blocked, id=6928, stack(0x0000005021c00000,0x0000005021d00000)]
  0x000002074ad33800 JavaThread "Unconstrained build operations Thread 29" [_thread_blocked, id=7216, stack(0x0000005021d00000,0x0000005021e00000)]
  0x000002074ad35000 JavaThread "Unconstrained build operations Thread 30" [_thread_blocked, id=11980, stack(0x0000005021e00000,0x0000005021f00000)]
  0x000002074ad35800 JavaThread "Unconstrained build operations Thread 31" [_thread_blocked, id=5184, stack(0x0000005021f00000,0x0000005022000000)]
  0x000002074ad36800 JavaThread "Unconstrained build operations Thread 32" [_thread_blocked, id=9420, stack(0x0000005022000000,0x0000005022100000)]
  0x000002074ad31000 JavaThread "Unconstrained build operations Thread 33" [_thread_blocked, id=3692, stack(0x0000005022100000,0x0000005022200000)]
  0x000002074ad37800 JavaThread "Unconstrained build operations Thread 34" [_thread_blocked, id=8572, stack(0x0000005022200000,0x0000005022300000)]
  0x000002074ad31800 JavaThread "Unconstrained build operations Thread 35" [_thread_blocked, id=10400, stack(0x0000005022300000,0x0000005022400000)]
  0x000002074ad38000 JavaThread "Unconstrained build operations Thread 36" [_thread_blocked, id=7404, stack(0x0000005022400000,0x0000005022500000)]
  0x000002074ad3e800 JavaThread "Unconstrained build operations Thread 37" [_thread_blocked, id=8508, stack(0x0000005022500000,0x0000005022600000)]
  0x000002074ad3b800 JavaThread "Unconstrained build operations Thread 38" [_thread_blocked, id=12400, stack(0x0000005022600000,0x0000005022700000)]
  0x000002074ad3a000 JavaThread "Unconstrained build operations Thread 39" [_thread_blocked, id=4572, stack(0x0000005022700000,0x0000005022800000)]
  0x000002074ad3d000 JavaThread "Unconstrained build operations Thread 40" [_thread_blocked, id=11084, stack(0x0000005022800000,0x0000005022900000)]
  0x000002074ad3c000 JavaThread "jar transforms Thread 4" [_thread_blocked, id=1644, stack(0x0000005022900000,0x0000005022a00000)]
  0x000002074ad3e000 JavaThread "Memory manager" [_thread_blocked, id=5676, stack(0x0000005020000000,0x0000005020100000)]
  0x000002074ad39000 JavaThread "build event listener" [_thread_blocked, id=4896, stack(0x0000005022a00000,0x0000005022b00000)]
  0x00000207528f9000 JavaThread "build event listener" [_thread_blocked, id=10708, stack(0x0000005022c00000,0x0000005022d00000)]
  0x00000207528f7800 JavaThread "Execution worker for ':'" [_thread_blocked, id=696, stack(0x0000005022d00000,0x0000005022e00000)]
  0x00000207528f4000 JavaThread "Execution worker for ':' Thread 2" [_thread_blocked, id=9724, stack(0x0000005022e00000,0x0000005022f00000)]
  0x00000207528f6800 JavaThread "Execution worker for ':' Thread 3" [_thread_blocked, id=1756, stack(0x0000005022f00000,0x0000005023000000)]
  0x00000207528f5000 JavaThread "Cache worker for execution history cache (C:\Users\PC\AndroidStudioProjects\EgorMachine\.gradle\7.3.3\executionHistory)" [_thread_blocked, id=13192, stack(0x0000005023000000,0x0000005023100000)]
  0x00000207528fa000 JavaThread "WorkerExecutor Queue" [_thread_blocked, id=5812, stack(0x0000005023100000,0x0000005023200000)]
  0x00000207528fa800 JavaThread "WorkerExecutor Queue Thread 2" [_thread_blocked, id=2116, stack(0x0000005023400000,0x0000005023500000)]
  0x00000207528f6000 JavaThread "WorkerExecutor Queue Thread 3" [_thread_blocked, id=11504, stack(0x0000005023700000,0x0000005023800000)]

Other Threads:
  0x000002074802e800 VMThread "VM Thread" [stack: 0x000000501d800000,0x000000501d900000] [id=4316]
  0x0000020748a63000 WatcherThread [stack: 0x000000501e200000,0x000000501e300000] [id=6836]
  0x000002072ade5800 GCTaskThread "GC Thread#0" [stack: 0x000000501d300000,0x000000501d400000] [id=13212]
  0x00000207490f7800 GCTaskThread "GC Thread#1" [stack: 0x000000501e400000,0x000000501e500000] [id=10992]
  0x000002074946d000 GCTaskThread "GC Thread#2" [stack: 0x000000501e500000,0x000000501e600000] [id=3856]
  0x000002074946e000 GCTaskThread "GC Thread#3" [stack: 0x000000501e600000,0x000000501e700000] [id=620]
  0x000002072ae34000 ConcurrentGCThread "G1 Main Marker" [stack: 0x000000501d400000,0x000000501d500000] [id=5244]
  0x000002072ae35800 ConcurrentGCThread "G1 Conc#0" [stack: 0x000000501d500000,0x000000501d600000] [id=7520]
  0x0000020747eac800 ConcurrentGCThread "G1 Refine#0" [stack: 0x000000501d600000,0x000000501d700000] [id=2724]
  0x0000020752a5b000 ConcurrentGCThread "G1 Refine#1" [stack: 0x0000005023500000,0x0000005023600000] [id=1448]
  0x0000020752a5d000 ConcurrentGCThread "G1 Refine#2" [stack: 0x0000005023600000,0x0000005023700000] [id=4716]
  0x0000020747ead800 ConcurrentGCThread "G1 Young RemSet Sampling" [stack: 0x000000501d700000,0x000000501d800000] [id=768]

Threads with active compile tasks:

VM state:not at safepoint (normal execution)

VM Mutex/Monitor currently owned by a thread: None

Heap address: 0x0000000725400000, size: 3500 MB, Compressed Oops mode: Zero based, Oop shift amount: 3
Narrow klass base: 0x0000000800000000, Narrow klass shift: 0
Compressed class space size: 1073741824 Address: 0x0000000800000000

Heap:
 garbage-first heap   total 313344K, used 245885K [0x0000000725400000, 0x0000000800000000)
  region size 1024K, 116 young (118784K), 8 survivors (8192K)
 Metaspace       used 100773K, capacity 103045K, committed 103304K, reserved 1138688K
  class space    used 12526K, capacity 13388K, committed 13440K, reserved 1048576K
Heap Regions: E=young(eden), S=young(survivor), O=old, HS=humongous(starts), HC=humongous(continues), CS=collection set, F=free, A=archive, TAMS=top-at-mark-start (previous, next)
|   0|0x0000000725400000, 0x0000000725500000, 0x0000000725500000|100%| O|  |TAMS 0x0000000725500000, 0x0000000725400000| Untracked 
|   1|0x0000000725500000, 0x0000000725600000, 0x0000000725600000|100%| O|  |TAMS 0x0000000725600000, 0x0000000725500000| Untracked 
|   2|0x0000000725600000, 0x0000000725700000, 0x0000000725700000|100%| O|  |TAMS 0x0000000725700000, 0x0000000725600000| Untracked 
|   3|0x0000000725700000, 0x0000000725800000, 0x0000000725800000|100%|HS|  |TAMS 0x0000000725800000, 0x0000000725700000| Complete 
|   4|0x0000000725800000, 0x0000000725900000, 0x0000000725900000|100%|HC|  |TAMS 0x0000000725900000, 0x0000000725800000| Complete 
|   5|0x0000000725900000, 0x0000000725a00000, 0x0000000725a00000|100%|HC|  |TAMS 0x0000000725a00000, 0x0000000725900000| Complete 
|   6|0x0000000725a00000, 0x0000000725b00000, 0x0000000725b00000|100%| O|  |TAMS 0x0000000725b00000, 0x0000000725a00000| Untracked 
|   7|0x0000000725b00000, 0x0000000725c00000, 0x0000000725c00000|100%| O|  |TAMS 0x0000000725c00000, 0x0000000725b00000| Untracked 
|   8|0x0000000725c00000, 0x0000000725d00000, 0x0000000725d00000|100%| O|  |TAMS 0x0000000725d00000, 0x0000000725c00000| Untracked 
|   9|0x0000000725d00000, 0x0000000725e00000, 0x0000000725e00000|100%| O|  |TAMS 0x0000000725e00000, 0x0000000725d00000| Untracked 
|  10|0x0000000725e00000, 0x0000000725f00000, 0x0000000725f00000|100%| O|  |TAMS 0x0000000725f00000, 0x0000000725e00000| Untracked 
|  11|0x0000000725f00000, 0x0000000726000000, 0x0000000726000000|100%| O|  |TAMS 0x0000000726000000, 0x0000000725f00000| Untracked 
|  12|0x0000000726000000, 0x0000000726100000, 0x0000000726100000|100%| O|  |TAMS 0x0000000726100000, 0x0000000726000000| Untracked 
|  13|0x0000000726100000, 0x0000000726200000, 0x0000000726200000|100%| O|  |TAMS 0x0000000726200000, 0x0000000726100000| Untracked 
|  14|0x0000000726200000, 0x0000000726300000, 0x0000000726300000|100%| O|  |TAMS 0x0000000726300000, 0x0000000726200000| Untracked 
|  15|0x0000000726300000, 0x0000000726400000, 0x0000000726400000|100%| O|  |TAMS 0x0000000726400000, 0x0000000726300000| Untracked 
|  16|0x0000000726400000, 0x0000000726500000, 0x0000000726500000|100%| O|  |TAMS 0x0000000726500000, 0x0000000726400000| Untracked 
|  17|0x0000000726500000, 0x0000000726600000, 0x0000000726600000|100%|HS|  |TAMS 0x0000000726600000, 0x0000000726500000| Complete 
|  18|0x0000000726600000, 0x0000000726700000, 0x0000000726700000|100%|HS|  |TAMS 0x0000000726700000, 0x0000000726600000| Complete 
|  19|0x0000000726700000, 0x0000000726800000, 0x0000000726800000|100%|HS|  |TAMS 0x0000000726800000, 0x0000000726700000| Complete 
|  20|0x0000000726800000, 0x0000000726900000, 0x0000000726900000|100%|HS|  |TAMS 0x0000000726900000, 0x0000000726800000| Complete 
|  21|0x0000000726900000, 0x0000000726a00000, 0x0000000726a00000|100%|HC|  |TAMS 0x0000000726a00000, 0x0000000726900000| Complete 
|  22|0x0000000726a00000, 0x0000000726b00000, 0x0000000726b00000|100%|HC|  |TAMS 0x0000000726b00000, 0x0000000726a00000| Complete 
|  23|0x0000000726b00000, 0x0000000726c00000, 0x0000000726c00000|100%|HS|  |TAMS 0x0000000726c00000, 0x0000000726b00000| Complete 
|  24|0x0000000726c00000, 0x0000000726d00000, 0x0000000726d00000|100%|HC|  |TAMS 0x0000000726d00000, 0x0000000726c00000| Complete 
|  25|0x0000000726d00000, 0x0000000726e00000, 0x0000000726e00000|100%| O|  |TAMS 0x0000000726e00000, 0x0000000726d00000| Untracked 
|  26|0x0000000726e00000, 0x0000000726f00000, 0x0000000726f00000|100%| O|  |TAMS 0x0000000726f00000, 0x0000000726e00000| Untracked 
|  27|0x0000000726f00000, 0x0000000727000000, 0x0000000727000000|100%| O|  |TAMS 0x0000000727000000, 0x0000000726f00000| Untracked 
|  28|0x0000000727000000, 0x0000000727100000, 0x0000000727100000|100%| O|  |TAMS 0x0000000727100000, 0x0000000727000000| Untracked 
|  29|0x0000000727100000, 0x0000000727200000, 0x0000000727200000|100%| O|  |TAMS 0x0000000727200000, 0x0000000727100000| Untracked 
|  30|0x0000000727200000, 0x0000000727300000, 0x0000000727300000|100%| O|  |TAMS 0x0000000727300000, 0x0000000727200000| Untracked 
|  31|0x0000000727300000, 0x0000000727400000, 0x0000000727400000|100%| O|  |TAMS 0x0000000727400000, 0x0000000727300000| Untracked 
|  32|0x0000000727400000, 0x0000000727500000, 0x0000000727500000|100%| O|  |TAMS 0x0000000727500000, 0x0000000727400000| Untracked 
|  33|0x0000000727500000, 0x0000000727600000, 0x0000000727600000|100%| O|  |TAMS 0x0000000727600000, 0x0000000727500000| Untracked 
|  34|0x0000000727600000, 0x0000000727700000, 0x0000000727700000|100%| O|  |TAMS 0x0000000727700000, 0x0000000727600000| Untracked 
|  35|0x0000000727700000, 0x0000000727800000, 0x0000000727800000|100%| O|  |TAMS 0x0000000727800000, 0x0000000727700000| Untracked 
|  36|0x0000000727800000, 0x0000000727900000, 0x0000000727900000|100%| O|  |TAMS 0x0000000727900000, 0x0000000727800000| Untracked 
|  37|0x0000000727900000, 0x0000000727a00000, 0x0000000727a00000|100%| O|  |TAMS 0x0000000727a00000, 0x0000000727900000| Untracked 
|  38|0x0000000727a00000, 0x0000000727b00000, 0x0000000727b00000|100%| O|  |TAMS 0x0000000727b00000, 0x0000000727a00000| Untracked 
|  39|0x0000000727b00000, 0x0000000727c00000, 0x0000000727c00000|100%| O|  |TAMS 0x0000000727c00000, 0x0000000727b00000| Untracked 
|  40|0x0000000727c00000, 0x0000000727d00000, 0x0000000727d00000|100%| O|  |TAMS 0x0000000727d00000, 0x0000000727c00000| Untracked 
|  41|0x0000000727d00000, 0x0000000727e00000, 0x0000000727e00000|100%| O|  |TAMS 0x0000000727e00000, 0x0000000727d00000| Untracked 
|  42|0x0000000727e00000, 0x0000000727f00000, 0x0000000727f00000|100%| O|  |TAMS 0x0000000727f00000, 0x0000000727e00000| Untracked 
|  43|0x0000000727f00000, 0x0000000728000000, 0x0000000728000000|100%| O|  |TAMS 0x0000000728000000, 0x0000000727f00000| Untracked 
|  44|0x0000000728000000, 0x0000000728100000, 0x0000000728100000|100%| O|  |TAMS 0x0000000728100000, 0x0000000728000000| Untracked 
|  45|0x0000000728100000, 0x0000000728200000, 0x0000000728200000|100%| O|  |TAMS 0x0000000728200000, 0x0000000728100000| Untracked 
|  46|0x0000000728200000, 0x0000000728300000, 0x0000000728300000|100%| O|  |TAMS 0x0000000728300000, 0x0000000728200000| Untracked 
|  47|0x0000000728300000, 0x0000000728400000, 0x0000000728400000|100%| O|  |TAMS 0x0000000728400000, 0x0000000728300000| Untracked 
|  48|0x0000000728400000, 0x0000000728500000, 0x0000000728500000|100%| O|  |TAMS 0x0000000728500000, 0x0000000728400000| Untracked 
|  49|0x0000000728500000, 0x0000000728600000, 0x0000000728600000|100%| O|  |TAMS 0x0000000728600000, 0x0000000728500000| Untracked 
|  50|0x0000000728600000, 0x0000000728700000, 0x0000000728700000|100%| O|  |TAMS 0x0000000728600000, 0x0000000728600000| Untracked 
|  51|0x0000000728700000, 0x0000000728800000, 0x0000000728800000|100%| O|  |TAMS 0x0000000728800000, 0x0000000728700000| Untracked 
|  52|0x0000000728800000, 0x0000000728900000, 0x0000000728900000|100%| O|  |TAMS 0x0000000728900000, 0x0000000728800000| Untracked 
|  53|0x0000000728900000, 0x0000000728a00000, 0x0000000728a00000|100%| O|  |TAMS 0x0000000728a00000, 0x0000000728900000| Untracked 
|  54|0x0000000728a00000, 0x0000000728b00000, 0x0000000728b00000|100%| O|  |TAMS 0x0000000728b00000, 0x0000000728a00000| Untracked 
|  55|0x0000000728b00000, 0x0000000728c00000, 0x0000000728c00000|100%| O|  |TAMS 0x0000000728c00000, 0x0000000728b00000| Untracked 
|  56|0x0000000728c00000, 0x0000000728d00000, 0x0000000728d00000|100%| O|  |TAMS 0x0000000728d00000, 0x0000000728c00000| Untracked 
|  57|0x0000000728d00000, 0x0000000728e00000, 0x0000000728e00000|100%| O|  |TAMS 0x0000000728e00000, 0x0000000728d00000| Untracked 
|  58|0x0000000728e00000, 0x0000000728f00000, 0x0000000728f00000|100%| O|  |TAMS 0x0000000728f00000, 0x0000000728e00000| Untracked 
|  59|0x0000000728f00000, 0x0000000729000000, 0x0000000729000000|100%| O|  |TAMS 0x0000000729000000, 0x0000000728f00000| Untracked 
|  60|0x0000000729000000, 0x0000000729100000, 0x0000000729100000|100%| O|  |TAMS 0x0000000729100000, 0x0000000729000000| Untracked 
|  61|0x0000000729100000, 0x0000000729200000, 0x0000000729200000|100%| O|  |TAMS 0x0000000729200000, 0x0000000729100000| Untracked 
|  62|0x0000000729200000, 0x0000000729300000, 0x0000000729300000|100%| O|  |TAMS 0x0000000729300000, 0x0000000729200000| Untracked 
|  63|0x0000000729300000, 0x0000000729400000, 0x0000000729400000|100%| O|  |TAMS 0x0000000729400000, 0x0000000729300000| Untracked 
|  64|0x0000000729400000, 0x0000000729500000, 0x0000000729500000|100%| O|  |TAMS 0x0000000729500000, 0x0000000729400000| Untracked 
|  65|0x0000000729500000, 0x0000000729600000, 0x0000000729600000|100%| O|  |TAMS 0x0000000729600000, 0x0000000729500000| Untracked 
|  66|0x0000000729600000, 0x0000000729700000, 0x0000000729700000|100%| O|  |TAMS 0x0000000729700000, 0x0000000729600000| Untracked 
|  67|0x0000000729700000, 0x0000000729800000, 0x0000000729800000|100%| O|  |TAMS 0x0000000729800000, 0x0000000729700000| Untracked 
|  68|0x0000000729800000, 0x0000000729900000, 0x0000000729900000|100%| O|  |TAMS 0x0000000729900000, 0x0000000729800000| Untracked 
|  69|0x0000000729900000, 0x0000000729a00000, 0x0000000729a00000|100%| O|  |TAMS 0x0000000729a00000, 0x0000000729900000| Untracked 
|  70|0x0000000729a00000, 0x0000000729b00000, 0x0000000729b00000|100%| O|  |TAMS 0x0000000729b00000, 0x0000000729a00000| Untracked 
|  71|0x0000000729b00000, 0x0000000729c00000, 0x0000000729c00000|100%| O|  |TAMS 0x0000000729c00000, 0x0000000729b00000| Untracked 
|  72|0x0000000729c00000, 0x0000000729d00000, 0x0000000729d00000|100%| O|  |TAMS 0x0000000729d00000, 0x0000000729c00000| Untracked 
|  73|0x0000000729d00000, 0x0000000729e00000, 0x0000000729e00000|100%| O|  |TAMS 0x0000000729e00000, 0x0000000729d00000| Untracked 
|  74|0x0000000729e00000, 0x0000000729f00000, 0x0000000729f00000|100%| O|  |TAMS 0x0000000729f00000, 0x0000000729e00000| Untracked 
|  75|0x0000000729f00000, 0x000000072a000000, 0x000000072a000000|100%| O|  |TAMS 0x000000072a000000, 0x0000000729f00000| Untracked 
|  76|0x000000072a000000, 0x000000072a100000, 0x000000072a100000|100%| O|  |TAMS 0x000000072a100000, 0x000000072a000000| Untracked 
|  77|0x000000072a100000, 0x000000072a200000, 0x000000072a200000|100%| O|  |TAMS 0x000000072a200000, 0x000000072a100000| Untracked 
|  78|0x000000072a200000, 0x000000072a300000, 0x000000072a300000|100%| O|  |TAMS 0x000000072a300000, 0x000000072a200000| Untracked 
|  79|0x000000072a300000, 0x000000072a400000, 0x000000072a400000|100%| O|  |TAMS 0x000000072a400000, 0x000000072a300000| Untracked 
|  80|0x000000072a400000, 0x000000072a500000, 0x000000072a500000|100%| O|  |TAMS 0x000000072a500000, 0x000000072a400000| Untracked 
|  81|0x000000072a500000, 0x000000072a600000, 0x000000072a600000|100%| O|  |TAMS 0x000000072a600000, 0x000000072a500000| Untracked 
|  82|0x000000072a600000, 0x000000072a700000, 0x000000072a700000|100%| O|  |TAMS 0x000000072a600000, 0x000000072a600000| Untracked 
|  83|0x000000072a700000, 0x000000072a800000, 0x000000072a800000|100%| O|  |TAMS 0x000000072a800000, 0x000000072a700000| Untracked 
|  84|0x000000072a800000, 0x000000072a900000, 0x000000072a900000|100%|HS|  |TAMS 0x000000072a900000, 0x000000072a800000| Complete 
|  85|0x000000072a900000, 0x000000072aa00000, 0x000000072aa00000|100%|HS|  |TAMS 0x000000072a900000, 0x000000072a900000| Complete 
|  86|0x000000072aa00000, 0x000000072ab00000, 0x000000072ab00000|100%|HC|  |TAMS 0x000000072aa00000, 0x000000072aa00000| Complete 
|  87|0x000000072ab00000, 0x000000072ac00000, 0x000000072ac00000|100%| O|  |TAMS 0x000000072ab00000, 0x000000072ab00000| Untracked 
|  88|0x000000072ac00000, 0x000000072ad00000, 0x000000072ad00000|100%| O|  |TAMS 0x000000072ac00000, 0x000000072ac00000| Untracked 
|  89|0x000000072ad00000, 0x000000072ae00000, 0x000000072ae00000|100%| O|  |TAMS 0x000000072ad00000, 0x000000072ad00000| Untracked 
|  90|0x000000072ae00000, 0x000000072af00000, 0x000000072af00000|100%| O|  |TAMS 0x000000072ae00000, 0x000000072ae00000| Untracked 
|  91|0x000000072af00000, 0x000000072b000000, 0x000000072b000000|100%| O|  |TAMS 0x000000072af00000, 0x000000072af00000| Untracked 
|  92|0x000000072b000000, 0x000000072b100000, 0x000000072b100000|100%| O|  |TAMS 0x000000072b000000, 0x000000072b000000| Untracked 
|  93|0x000000072b100000, 0x000000072b200000, 0x000000072b200000|100%| O|  |TAMS 0x000000072b200000, 0x000000072b100000| Untracked 
|  94|0x000000072b200000, 0x000000072b300000, 0x000000072b300000|100%| O|  |TAMS 0x000000072b300000, 0x000000072b200000| Untracked 
|  95|0x000000072b300000, 0x000000072b400000, 0x000000072b400000|100%| O|  |TAMS 0x000000072b400000, 0x000000072b300000| Untracked 
|  96|0x000000072b400000, 0x000000072b500000, 0x000000072b500000|100%| O|  |TAMS 0x000000072b500000, 0x000000072b400000| Untracked 
|  97|0x000000072b500000, 0x000000072b600000, 0x000000072b600000|100%| O|  |TAMS 0x000000072b600000, 0x000000072b500000| Untracked 
|  98|0x000000072b600000, 0x000000072b700000, 0x000000072b700000|100%| O|  |TAMS 0x000000072b700000, 0x000000072b600000| Untracked 
|  99|0x000000072b700000, 0x000000072b800000, 0x000000072b800000|100%| O|  |TAMS 0x000000072b800000, 0x000000072b700000| Untracked 
| 100|0x000000072b800000, 0x000000072b900000, 0x000000072b900000|100%| O|  |TAMS 0x000000072b900000, 0x000000072b800000| Untracked 
| 101|0x000000072b900000, 0x000000072ba00000, 0x000000072ba00000|100%| O|  |TAMS 0x000000072ba00000, 0x000000072b900000| Untracked 
| 102|0x000000072ba00000, 0x000000072bb00000, 0x000000072bb00000|100%| O|  |TAMS 0x000000072bb00000, 0x000000072ba00000| Untracked 
| 103|0x000000072bb00000, 0x000000072bc00000, 0x000000072bc00000|100%| O|  |TAMS 0x000000072bc00000, 0x000000072bb00000| Untracked 
| 104|0x000000072bc00000, 0x000000072bd00000, 0x000000072bd00000|100%| O|  |TAMS 0x000000072bd00000, 0x000000072bc00000| Untracked 
| 105|0x000000072bd00000, 0x000000072be00000, 0x000000072be00000|100%| O|  |TAMS 0x000000072be00000, 0x000000072bd00000| Untracked 
| 106|0x000000072be00000, 0x000000072bf00000, 0x000000072bf00000|100%| O|  |TAMS 0x000000072bf00000, 0x000000072be00000| Untracked 
| 107|0x000000072bf00000, 0x000000072c000000, 0x000000072c000000|100%| O|  |TAMS 0x000000072c000000, 0x000000072bf00000| Untracked 
| 108|0x000000072c000000, 0x000000072c100000, 0x000000072c100000|100%| O|  |TAMS 0x000000072c100000, 0x000000072c000000| Untracked 
| 109|0x000000072c100000, 0x000000072c200000, 0x000000072c200000|100%| O|  |TAMS 0x000000072c100000, 0x000000072c100000| Untracked 
| 110|0x000000072c200000, 0x000000072c21f400, 0x000000072c300000| 12%| O|  |TAMS 0x000000072c200000, 0x000000072c200000| Untracked 
| 111|0x000000072c300000, 0x000000072c300000, 0x000000072c400000|  0%| F|  |TAMS 0x000000072c300000, 0x000000072c300000| Untracked 
| 112|0x000000072c400000, 0x000000072c400000, 0x000000072c500000|  0%| F|  |TAMS 0x000000072c400000, 0x000000072c400000| Untracked 
| 113|0x000000072c500000, 0x000000072c600000, 0x000000072c600000|100%| O|  |TAMS 0x000000072c600000, 0x000000072c500000| Untracked 
| 114|0x000000072c600000, 0x000000072c700000, 0x000000072c700000|100%| O|  |TAMS 0x000000072c700000, 0x000000072c600000| Untracked 
| 115|0x000000072c700000, 0x000000072c800000, 0x000000072c800000|100%| O|  |TAMS 0x000000072c800000, 0x000000072c700000| Untracked 
| 116|0x000000072c800000, 0x000000072c900000, 0x000000072c900000|100%| O|  |TAMS 0x000000072c900000, 0x000000072c800000| Untracked 
| 117|0x000000072c900000, 0x000000072ca00000, 0x000000072ca00000|100%| O|  |TAMS 0x000000072ca00000, 0x000000072c900000| Untracked 
| 118|0x000000072ca00000, 0x000000072cb00000, 0x000000072cb00000|100%| O|  |TAMS 0x000000072cb00000, 0x000000072ca00000| Untracked 
| 119|0x000000072cb00000, 0x000000072cc00000, 0x000000072cc00000|100%| O|  |TAMS 0x000000072cc00000, 0x000000072cb00000| Untracked 
| 120|0x000000072cc00000, 0x000000072cc00000, 0x000000072cd00000|  0%| F|  |TAMS 0x000000072cc00000, 0x000000072cc00000| Untracked 
| 121|0x000000072cd00000, 0x000000072cd00000, 0x000000072ce00000|  0%| F|  |TAMS 0x000000072cd00000, 0x000000072cd00000| Untracked 
| 122|0x000000072ce00000, 0x000000072ce00000, 0x000000072cf00000|  0%| F|  |TAMS 0x000000072ce00000, 0x000000072ce00000| Untracked 
| 123|0x000000072cf00000, 0x000000072cf00000, 0x000000072d000000|  0%| F|  |TAMS 0x000000072cf00000, 0x000000072cf00000| Untracked 
| 124|0x000000072d000000, 0x000000072d000000, 0x000000072d100000|  0%| F|  |TAMS 0x000000072d000000, 0x000000072d000000| Untracked 
| 125|0x000000072d100000, 0x000000072d100000, 0x000000072d200000|  0%| F|  |TAMS 0x000000072d100000, 0x000000072d100000| Untracked 
| 126|0x000000072d200000, 0x000000072d200000, 0x000000072d300000|  0%| F|  |TAMS 0x000000072d200000, 0x000000072d200000| Untracked 
| 127|0x000000072d300000, 0x000000072d300000, 0x000000072d400000|  0%| F|  |TAMS 0x000000072d300000, 0x000000072d300000| Untracked 
| 128|0x000000072d400000, 0x000000072d400000, 0x000000072d500000|  0%| F|  |TAMS 0x000000072d400000, 0x000000072d400000| Untracked 
| 129|0x000000072d500000, 0x000000072d500000, 0x000000072d600000|  0%| F|  |TAMS 0x000000072d500000, 0x000000072d500000| Untracked 
| 130|0x000000072d600000, 0x000000072d600000, 0x000000072d700000|  0%| F|  |TAMS 0x000000072d600000, 0x000000072d600000| Untracked 
| 131|0x000000072d700000, 0x000000072d800000, 0x000000072d800000|100%| O|  |TAMS 0x000000072d800000, 0x000000072d700000| Untracked 
| 132|0x000000072d800000, 0x000000072d900000, 0x000000072d900000|100%| O|  |TAMS 0x000000072d900000, 0x000000072d800000| Untracked 
| 133|0x000000072d900000, 0x000000072da00000, 0x000000072da00000|100%| O|  |TAMS 0x000000072da00000, 0x000000072d900000| Untracked 
| 134|0x000000072da00000, 0x000000072db00000, 0x000000072db00000|100%| O|  |TAMS 0x000000072db00000, 0x000000072da00000| Untracked 
| 135|0x000000072db00000, 0x000000072dc00000, 0x000000072dc00000|100%| O|  |TAMS 0x000000072dc00000, 0x000000072db00000| Untracked 
| 136|0x000000072dc00000, 0x000000072dd00000, 0x000000072dd00000|100%| O|  |TAMS 0x000000072dd00000, 0x000000072dc00000| Untracked 
| 137|0x000000072dd00000, 0x000000072de00000, 0x000000072de00000|100%| O|  |TAMS 0x000000072de00000, 0x000000072dd00000| Untracked 
| 138|0x000000072de00000, 0x000000072df00000, 0x000000072df00000|100%| O|  |TAMS 0x000000072de80000, 0x000000072de00000| Untracked 
| 139|0x000000072df00000, 0x000000072df00000, 0x000000072e000000|  0%| F|  |TAMS 0x000000072df00000, 0x000000072df00000| Untracked 
| 140|0x000000072e000000, 0x000000072e000000, 0x000000072e100000|  0%| F|  |TAMS 0x000000072e000000, 0x000000072e000000| Untracked 
| 141|0x000000072e100000, 0x000000072e100000, 0x000000072e200000|  0%| F|  |TAMS 0x000000072e100000, 0x000000072e100000| Untracked 
| 142|0x000000072e200000, 0x000000072e200000, 0x000000072e300000|  0%| F|  |TAMS 0x000000072e200000, 0x000000072e200000| Untracked 
| 143|0x000000072e300000, 0x000000072e300000, 0x000000072e400000|  0%| F|  |TAMS 0x000000072e300000, 0x000000072e300000| Untracked 
| 144|0x000000072e400000, 0x000000072e400000, 0x000000072e500000|  0%| F|  |TAMS 0x000000072e400000, 0x000000072e400000| Untracked 
| 145|0x000000072e500000, 0x000000072e500000, 0x000000072e600000|  0%| F|  |TAMS 0x000000072e500000, 0x000000072e500000| Untracked 
| 146|0x000000072e600000, 0x000000072e600000, 0x000000072e700000|  0%| F|  |TAMS 0x000000072e600000, 0x000000072e600000| Untracked 
| 147|0x000000072e700000, 0x000000072e700000, 0x000000072e800000|  0%| F|  |TAMS 0x000000072e700000, 0x000000072e700000| Untracked 
| 148|0x000000072e800000, 0x000000072e800000, 0x000000072e900000|  0%| F|  |TAMS 0x000000072e800000, 0x000000072e800000| Untracked 
| 149|0x000000072e900000, 0x000000072e900000, 0x000000072ea00000|  0%| F|  |TAMS 0x000000072e900000, 0x000000072e900000| Untracked 
| 150|0x000000072ea00000, 0x000000072ea00000, 0x000000072eb00000|  0%| F|  |TAMS 0x000000072ea00000, 0x000000072ea00000| Untracked 
| 151|0x000000072eb00000, 0x000000072eb00000, 0x000000072ec00000|  0%| F|  |TAMS 0x000000072eb00000, 0x000000072eb00000| Untracked 
| 152|0x000000072ec00000, 0x000000072ec00000, 0x000000072ed00000|  0%| F|  |TAMS 0x000000072ec00000, 0x000000072ec00000| Untracked 
| 153|0x000000072ed00000, 0x000000072ed00000, 0x000000072ee00000|  0%| F|  |TAMS 0x000000072ed00000, 0x000000072ed00000| Untracked 
| 154|0x000000072ee00000, 0x000000072ee00000, 0x000000072ef00000|  0%| F|  |TAMS 0x000000072ee00000, 0x000000072ee00000| Untracked 
| 155|0x000000072ef00000, 0x000000072ef00000, 0x000000072f000000|  0%| F|  |TAMS 0x000000072ef00000, 0x000000072ef00000| Untracked 
| 156|0x000000072f000000, 0x000000072f000000, 0x000000072f100000|  0%| F|  |TAMS 0x000000072f000000, 0x000000072f000000| Untracked 
| 157|0x000000072f100000, 0x000000072f100000, 0x000000072f200000|  0%| F|  |TAMS 0x000000072f100000, 0x000000072f100000| Untracked 
| 158|0x000000072f200000, 0x000000072f200000, 0x000000072f300000|  0%| F|  |TAMS 0x000000072f200000, 0x000000072f200000| Untracked 
| 159|0x000000072f300000, 0x000000072f300000, 0x000000072f400000|  0%| F|  |TAMS 0x000000072f300000, 0x000000072f300000| Untracked 
| 160|0x000000072f400000, 0x000000072f400000, 0x000000072f500000|  0%| F|  |TAMS 0x000000072f400000, 0x000000072f400000| Untracked 
| 161|0x000000072f500000, 0x000000072f500000, 0x000000072f600000|  0%| F|  |TAMS 0x000000072f500000, 0x000000072f500000| Untracked 
| 162|0x000000072f600000, 0x000000072f600000, 0x000000072f700000|  0%| F|  |TAMS 0x000000072f600000, 0x000000072f600000| Untracked 
| 163|0x000000072f700000, 0x000000072f700000, 0x000000072f800000|  0%| F|  |TAMS 0x000000072f700000, 0x000000072f700000| Untracked 
| 164|0x000000072f800000, 0x000000072f800000, 0x000000072f900000|  0%| F|  |TAMS 0x000000072f800000, 0x000000072f800000| Untracked 
| 165|0x000000072f900000, 0x000000072f900000, 0x000000072fa00000|  0%| F|  |TAMS 0x000000072f900000, 0x000000072f900000| Untracked 
| 166|0x000000072fa00000, 0x000000072fa00000, 0x000000072fb00000|  0%| F|  |TAMS 0x000000072fa00000, 0x000000072fa00000| Untracked 
| 167|0x000000072fb00000, 0x000000072fb00000, 0x000000072fc00000|  0%| F|  |TAMS 0x000000072fb00000, 0x000000072fb00000| Untracked 
| 168|0x000000072fc00000, 0x000000072fc00000, 0x000000072fd00000|  0%| F|  |TAMS 0x000000072fc00000, 0x000000072fc00000| Untracked 
| 169|0x000000072fd00000, 0x000000072fd00000, 0x000000072fe00000|  0%| F|  |TAMS 0x000000072fd00000, 0x000000072fd00000| Untracked 
| 170|0x000000072fe00000, 0x000000072fe00000, 0x000000072ff00000|  0%| F|  |TAMS 0x000000072fe00000, 0x000000072fe00000| Untracked 
| 171|0x000000072ff00000, 0x000000072ff00000, 0x0000000730000000|  0%| F|  |TAMS 0x000000072ff00000, 0x000000072ff00000| Untracked 
| 172|0x0000000730000000, 0x0000000730000000, 0x0000000730100000|  0%| F|  |TAMS 0x0000000730000000, 0x0000000730000000| Untracked 
| 173|0x0000000730100000, 0x0000000730100000, 0x0000000730200000|  0%| F|  |TAMS 0x0000000730100000, 0x0000000730100000| Untracked 
| 174|0x0000000730200000, 0x0000000730200000, 0x0000000730300000|  0%| F|  |TAMS 0x0000000730200000, 0x0000000730200000| Untracked 
| 175|0x0000000730300000, 0x0000000730300000, 0x0000000730400000|  0%| F|  |TAMS 0x0000000730300000, 0x0000000730300000| Untracked 
| 176|0x0000000730400000, 0x0000000730400000, 0x0000000730500000|  0%| F|  |TAMS 0x0000000730400000, 0x0000000730400000| Untracked 
| 177|0x0000000730500000, 0x0000000730500000, 0x0000000730600000|  0%| F|  |TAMS 0x0000000730500000, 0x0000000730500000| Untracked 
| 178|0x0000000730600000, 0x0000000730600000, 0x0000000730700000|  0%| F|  |TAMS 0x0000000730600000, 0x0000000730600000| Untracked 
| 179|0x0000000730700000, 0x0000000730700000, 0x0000000730800000|  0%| F|  |TAMS 0x0000000730700000, 0x0000000730700000| Untracked 
| 180|0x0000000730800000, 0x0000000730800000, 0x0000000730900000|  0%| F|  |TAMS 0x0000000730800000, 0x0000000730800000| Untracked 
| 181|0x0000000730900000, 0x0000000730900000, 0x0000000730a00000|  0%| F|  |TAMS 0x0000000730900000, 0x0000000730900000| Untracked 
| 182|0x0000000730a00000, 0x0000000730a00000, 0x0000000730b00000|  0%| F|  |TAMS 0x0000000730a00000, 0x0000000730a00000| Untracked 
| 183|0x0000000730b00000, 0x0000000730b00000, 0x0000000730c00000|  0%| F|  |TAMS 0x0000000730b00000, 0x0000000730b00000| Untracked 
| 184|0x0000000730c00000, 0x0000000730d00000, 0x0000000730d00000|100%| S|CS|TAMS 0x0000000730c00000, 0x0000000730c00000| Complete 
| 185|0x0000000730d00000, 0x0000000730e00000, 0x0000000730e00000|100%| S|CS|TAMS 0x0000000730d00000, 0x0000000730d00000| Complete 
| 186|0x0000000730e00000, 0x0000000730f00000, 0x0000000730f00000|100%| S|CS|TAMS 0x0000000730e00000, 0x0000000730e00000| Complete 
| 187|0x0000000730f00000, 0x0000000730f00000, 0x0000000731000000|  0%| F|  |TAMS 0x0000000730f00000, 0x0000000730f00000| Untracked 
| 188|0x0000000731000000, 0x0000000731000000, 0x0000000731100000|  0%| F|  |TAMS 0x0000000731000000, 0x0000000731000000| Untracked 
| 189|0x0000000731100000, 0x0000000731100000, 0x0000000731200000|  0%| F|  |TAMS 0x0000000731100000, 0x0000000731100000| Untracked 
| 190|0x0000000731200000, 0x0000000731200000, 0x0000000731300000|  0%| F|  |TAMS 0x0000000731200000, 0x0000000731200000| Untracked 
| 191|0x0000000731300000, 0x0000000731300000, 0x0000000731400000|  0%| F|  |TAMS 0x0000000731300000, 0x0000000731300000| Untracked 
| 192|0x0000000731400000, 0x0000000731400000, 0x0000000731500000|  0%| F|  |TAMS 0x0000000731400000, 0x0000000731400000| Untracked 
| 193|0x0000000731500000, 0x000000073157a200, 0x0000000731600000| 47%| E|  |TAMS 0x0000000731500000, 0x0000000731500000| Complete 
| 194|0x0000000731600000, 0x0000000731700000, 0x0000000731700000|100%| E|CS|TAMS 0x0000000731600000, 0x0000000731600000| Complete 
| 195|0x0000000731700000, 0x0000000731800000, 0x0000000731800000|100%| E|CS|TAMS 0x0000000731700000, 0x0000000731700000| Complete 
| 196|0x0000000731800000, 0x0000000731900000, 0x0000000731900000|100%| S|CS|TAMS 0x0000000731800000, 0x0000000731800000| Complete 
| 197|0x0000000731900000, 0x0000000731a00000, 0x0000000731a00000|100%| S|CS|TAMS 0x0000000731900000, 0x0000000731900000| Complete 
| 198|0x0000000731a00000, 0x0000000731b00000, 0x0000000731b00000|100%| S|CS|TAMS 0x0000000731a00000, 0x0000000731a00000| Complete 
| 199|0x0000000731b00000, 0x0000000731c00000, 0x0000000731c00000|100%| S|CS|TAMS 0x0000000731b00000, 0x0000000731b00000| Complete 
| 200|0x0000000731c00000, 0x0000000731d00000, 0x0000000731d00000|100%| S|CS|TAMS 0x0000000731c00000, 0x0000000731c00000| Complete 
| 201|0x0000000731d00000, 0x0000000731e00000, 0x0000000731e00000|100%| E|CS|TAMS 0x0000000731d00000, 0x0000000731d00000| Complete 
| 202|0x0000000731e00000, 0x0000000731f00000, 0x0000000731f00000|100%| E|CS|TAMS 0x0000000731e00000, 0x0000000731e00000| Complete 
| 203|0x0000000731f00000, 0x0000000732000000, 0x0000000732000000|100%| E|CS|TAMS 0x0000000731f00000, 0x0000000731f00000| Complete 
| 204|0x0000000732000000, 0x0000000732100000, 0x0000000732100000|100%| E|CS|TAMS 0x0000000732000000, 0x0000000732000000| Complete 
| 205|0x0000000732100000, 0x0000000732200000, 0x0000000732200000|100%| E|CS|TAMS 0x0000000732100000, 0x0000000732100000| Complete 
| 206|0x0000000732200000, 0x0000000732300000, 0x0000000732300000|100%| E|CS|TAMS 0x0000000732200000, 0x0000000732200000| Complete 
| 207|0x0000000732300000, 0x0000000732400000, 0x0000000732400000|100%| E|CS|TAMS 0x0000000732300000, 0x0000000732300000| Complete 
| 208|0x0000000732400000, 0x0000000732500000, 0x0000000732500000|100%| E|CS|TAMS 0x0000000732400000, 0x0000000732400000| Complete 
| 209|0x0000000732500000, 0x0000000732600000, 0x0000000732600000|100%| E|CS|TAMS 0x0000000732500000, 0x0000000732500000| Complete 
| 210|0x0000000732600000, 0x0000000732700000, 0x0000000732700000|100%| E|CS|TAMS 0x0000000732600000, 0x0000000732600000| Complete 
| 211|0x0000000732700000, 0x0000000732800000, 0x0000000732800000|100%| E|CS|TAMS 0x0000000732700000, 0x0000000732700000| Complete 
| 212|0x0000000732800000, 0x0000000732900000, 0x0000000732900000|100%| E|CS|TAMS 0x0000000732800000, 0x0000000732800000| Complete 
| 213|0x0000000732900000, 0x0000000732a00000, 0x0000000732a00000|100%| E|CS|TAMS 0x0000000732900000, 0x0000000732900000| Complete 
| 214|0x0000000732a00000, 0x0000000732b00000, 0x0000000732b00000|100%| E|CS|TAMS 0x0000000732a00000, 0x0000000732a00000| Complete 
| 215|0x0000000732b00000, 0x0000000732c00000, 0x0000000732c00000|100%| E|CS|TAMS 0x0000000732b00000, 0x0000000732b00000| Complete 
| 216|0x0000000732c00000, 0x0000000732d00000, 0x0000000732d00000|100%| E|CS|TAMS 0x0000000732c00000, 0x0000000732c00000| Complete 
| 217|0x0000000732d00000, 0x0000000732e00000, 0x0000000732e00000|100%| E|CS|TAMS 0x0000000732d00000, 0x0000000732d00000| Complete 
| 218|0x0000000732e00000, 0x0000000732f00000, 0x0000000732f00000|100%| E|CS|TAMS 0x0000000732e00000, 0x0000000732e00000| Complete 
| 219|0x0000000732f00000, 0x0000000733000000, 0x0000000733000000|100%| E|CS|TAMS 0x0000000732f00000, 0x0000000732f00000| Complete 
| 220|0x0000000733000000, 0x0000000733100000, 0x0000000733100000|100%| E|CS|TAMS 0x0000000733000000, 0x0000000733000000| Complete 
| 221|0x0000000733100000, 0x0000000733200000, 0x0000000733200000|100%| E|CS|TAMS 0x0000000733100000, 0x0000000733100000| Complete 
| 222|0x0000000733200000, 0x0000000733300000, 0x0000000733300000|100%| E|CS|TAMS 0x0000000733200000, 0x0000000733200000| Complete 
| 223|0x0000000733300000, 0x0000000733400000, 0x0000000733400000|100%| E|CS|TAMS 0x0000000733300000, 0x0000000733300000| Complete 
| 224|0x0000000733400000, 0x0000000733500000, 0x0000000733500000|100%| E|CS|TAMS 0x0000000733400000, 0x0000000733400000| Complete 
| 225|0x0000000733500000, 0x0000000733600000, 0x0000000733600000|100%| E|CS|TAMS 0x0000000733500000, 0x0000000733500000| Complete 
| 226|0x0000000733600000, 0x0000000733700000, 0x0000000733700000|100%| E|CS|TAMS 0x0000000733600000, 0x0000000733600000| Complete 
| 227|0x0000000733700000, 0x0000000733800000, 0x0000000733800000|100%| E|CS|TAMS 0x0000000733700000, 0x0000000733700000| Complete 
| 228|0x0000000733800000, 0x0000000733900000, 0x0000000733900000|100%| E|CS|TAMS 0x0000000733800000, 0x0000000733800000| Complete 
| 229|0x0000000733900000, 0x0000000733a00000, 0x0000000733a00000|100%| E|CS|TAMS 0x0000000733900000, 0x0000000733900000| Complete 
| 230|0x0000000733a00000, 0x0000000733b00000, 0x0000000733b00000|100%| E|CS|TAMS 0x0000000733a00000, 0x0000000733a00000| Complete 
| 231|0x0000000733b00000, 0x0000000733c00000, 0x0000000733c00000|100%| E|CS|TAMS 0x0000000733b00000, 0x0000000733b00000| Complete 
| 232|0x0000000733c00000, 0x0000000733d00000, 0x0000000733d00000|100%| E|CS|TAMS 0x0000000733c00000, 0x0000000733c00000| Complete 
| 233|0x0000000733d00000, 0x0000000733e00000, 0x0000000733e00000|100%| E|CS|TAMS 0x0000000733d00000, 0x0000000733d00000| Complete 
| 234|0x0000000733e00000, 0x0000000733f00000, 0x0000000733f00000|100%| E|CS|TAMS 0x0000000733e00000, 0x0000000733e00000| Complete 
| 235|0x0000000733f00000, 0x0000000734000000, 0x0000000734000000|100%| E|CS|TAMS 0x0000000733f00000, 0x0000000733f00000| Complete 
| 236|0x0000000734000000, 0x0000000734100000, 0x0000000734100000|100%| E|CS|TAMS 0x0000000734000000, 0x0000000734000000| Complete 
| 237|0x0000000734100000, 0x0000000734200000, 0x0000000734200000|100%| E|CS|TAMS 0x0000000734100000, 0x0000000734100000| Complete 
| 238|0x0000000734200000, 0x0000000734300000, 0x0000000734300000|100%| E|CS|TAMS 0x0000000734200000, 0x0000000734200000| Complete 
| 239|0x0000000734300000, 0x0000000734400000, 0x0000000734400000|100%| E|CS|TAMS 0x0000000734300000, 0x0000000734300000| Complete 
| 240|0x0000000734400000, 0x0000000734500000, 0x0000000734500000|100%| E|CS|TAMS 0x0000000734400000, 0x0000000734400000| Complete 
| 241|0x0000000734500000, 0x0000000734600000, 0x0000000734600000|100%| E|CS|TAMS 0x0000000734500000, 0x0000000734500000| Complete 
| 242|0x0000000734600000, 0x0000000734700000, 0x0000000734700000|100%| E|CS|TAMS 0x0000000734600000, 0x0000000734600000| Complete 
| 243|0x0000000734700000, 0x0000000734800000, 0x0000000734800000|100%| E|CS|TAMS 0x0000000734700000, 0x0000000734700000| Complete 
| 244|0x0000000734800000, 0x0000000734900000, 0x0000000734900000|100%| E|CS|TAMS 0x0000000734800000, 0x0000000734800000| Complete 
| 245|0x0000000734900000, 0x0000000734a00000, 0x0000000734a00000|100%| E|CS|TAMS 0x0000000734900000, 0x0000000734900000| Complete 
| 246|0x0000000734a00000, 0x0000000734b00000, 0x0000000734b00000|100%| E|CS|TAMS 0x0000000734a00000, 0x0000000734a00000| Complete 
| 247|0x0000000734b00000, 0x0000000734c00000, 0x0000000734c00000|100%| E|CS|TAMS 0x0000000734b00000, 0x0000000734b00000| Complete 
| 248|0x0000000734c00000, 0x0000000734d00000, 0x0000000734d00000|100%| E|CS|TAMS 0x0000000734c00000, 0x0000000734c00000| Complete 
| 249|0x0000000734d00000, 0x0000000734e00000, 0x0000000734e00000|100%| E|CS|TAMS 0x0000000734d00000, 0x0000000734d00000| Complete 
| 250|0x0000000734e00000, 0x0000000734f00000, 0x0000000734f00000|100%| E|CS|TAMS 0x0000000734e00000, 0x0000000734e00000| Complete 
| 251|0x0000000734f00000, 0x0000000735000000, 0x0000000735000000|100%| E|CS|TAMS 0x0000000734f00000, 0x0000000734f00000| Complete 
| 252|0x0000000735000000, 0x0000000735100000, 0x0000000735100000|100%| E|CS|TAMS 0x0000000735000000, 0x0000000735000000| Complete 
| 253|0x0000000735100000, 0x0000000735200000, 0x0000000735200000|100%| E|CS|TAMS 0x0000000735100000, 0x0000000735100000| Complete 
| 254|0x0000000735200000, 0x0000000735300000, 0x0000000735300000|100%| E|CS|TAMS 0x0000000735200000, 0x0000000735200000| Complete 
| 255|0x0000000735300000, 0x0000000735400000, 0x0000000735400000|100%| E|CS|TAMS 0x0000000735300000, 0x0000000735300000| Complete 
| 256|0x0000000735400000, 0x0000000735500000, 0x0000000735500000|100%| E|CS|TAMS 0x0000000735400000, 0x0000000735400000| Complete 
| 257|0x0000000735500000, 0x0000000735600000, 0x0000000735600000|100%| E|CS|TAMS 0x0000000735500000, 0x0000000735500000| Complete 
| 258|0x0000000735600000, 0x0000000735700000, 0x0000000735700000|100%| E|CS|TAMS 0x0000000735600000, 0x0000000735600000| Complete 
| 259|0x0000000735700000, 0x0000000735800000, 0x0000000735800000|100%| E|CS|TAMS 0x0000000735700000, 0x0000000735700000| Complete 
| 260|0x0000000735800000, 0x0000000735900000, 0x0000000735900000|100%| E|CS|TAMS 0x0000000735800000, 0x0000000735800000| Complete 
| 261|0x0000000735900000, 0x0000000735a00000, 0x0000000735a00000|100%| E|CS|TAMS 0x0000000735900000, 0x0000000735900000| Complete 
| 262|0x0000000735a00000, 0x0000000735b00000, 0x0000000735b00000|100%| E|CS|TAMS 0x0000000735a00000, 0x0000000735a00000| Complete 
| 263|0x0000000735b00000, 0x0000000735c00000, 0x0000000735c00000|100%| E|CS|TAMS 0x0000000735b00000, 0x0000000735b00000| Complete 
| 264|0x0000000735c00000, 0x0000000735d00000, 0x0000000735d00000|100%| E|CS|TAMS 0x0000000735c00000, 0x0000000735c00000| Complete 
| 265|0x0000000735d00000, 0x0000000735e00000, 0x0000000735e00000|100%| E|CS|TAMS 0x0000000735d00000, 0x0000000735d00000| Complete 
| 266|0x0000000735e00000, 0x0000000735f00000, 0x0000000735f00000|100%| E|CS|TAMS 0x0000000735e00000, 0x0000000735e00000| Complete 
| 267|0x0000000735f00000, 0x0000000736000000, 0x0000000736000000|100%| E|CS|TAMS 0x0000000735f00000, 0x0000000735f00000| Complete 
| 268|0x0000000736000000, 0x0000000736100000, 0x0000000736100000|100%| E|CS|TAMS 0x0000000736000000, 0x0000000736000000| Complete 
| 269|0x0000000736100000, 0x0000000736200000, 0x0000000736200000|100%| E|CS|TAMS 0x0000000736100000, 0x0000000736100000| Complete 
| 270|0x0000000736200000, 0x0000000736300000, 0x0000000736300000|100%| E|CS|TAMS 0x0000000736200000, 0x0000000736200000| Complete 
| 271|0x0000000736300000, 0x0000000736400000, 0x0000000736400000|100%| E|CS|TAMS 0x0000000736300000, 0x0000000736300000| Complete 
| 272|0x0000000736400000, 0x0000000736500000, 0x0000000736500000|100%| E|CS|TAMS 0x0000000736400000, 0x0000000736400000| Complete 
| 273|0x0000000736500000, 0x0000000736600000, 0x0000000736600000|100%| E|CS|TAMS 0x0000000736500000, 0x0000000736500000| Complete 
| 274|0x0000000736600000, 0x0000000736700000, 0x0000000736700000|100%| E|CS|TAMS 0x0000000736600000, 0x0000000736600000| Complete 
| 275|0x0000000736700000, 0x0000000736800000, 0x0000000736800000|100%| E|CS|TAMS 0x0000000736700000, 0x0000000736700000| Complete 
| 276|0x0000000736800000, 0x0000000736900000, 0x0000000736900000|100%| E|CS|TAMS 0x0000000736800000, 0x0000000736800000| Complete 
| 277|0x0000000736900000, 0x0000000736a00000, 0x0000000736a00000|100%| E|CS|TAMS 0x0000000736900000, 0x0000000736900000| Complete 
| 278|0x0000000736a00000, 0x0000000736b00000, 0x0000000736b00000|100%| E|CS|TAMS 0x0000000736a00000, 0x0000000736a00000| Complete 
| 279|0x0000000736b00000, 0x0000000736c00000, 0x0000000736c00000|100%| E|CS|TAMS 0x0000000736b00000, 0x0000000736b00000| Complete 
| 280|0x0000000736c00000, 0x0000000736d00000, 0x0000000736d00000|100%| E|CS|TAMS 0x0000000736c00000, 0x0000000736c00000| Complete 
| 281|0x0000000736d00000, 0x0000000736e00000, 0x0000000736e00000|100%| E|CS|TAMS 0x0000000736d00000, 0x0000000736d00000| Complete 
| 282|0x0000000736e00000, 0x0000000736f00000, 0x0000000736f00000|100%| E|CS|TAMS 0x0000000736e00000, 0x0000000736e00000| Complete 
| 283|0x0000000736f00000, 0x0000000737000000, 0x0000000737000000|100%| E|CS|TAMS 0x0000000736f00000, 0x0000000736f00000| Complete 
| 284|0x0000000737000000, 0x0000000737100000, 0x0000000737100000|100%| E|CS|TAMS 0x0000000737000000, 0x0000000737000000| Complete 
| 285|0x0000000737100000, 0x0000000737200000, 0x0000000737200000|100%| E|CS|TAMS 0x0000000737100000, 0x0000000737100000| Complete 
| 286|0x0000000737200000, 0x0000000737300000, 0x0000000737300000|100%| E|CS|TAMS 0x0000000737200000, 0x0000000737200000| Complete 
| 287|0x0000000737300000, 0x0000000737400000, 0x0000000737400000|100%| E|CS|TAMS 0x0000000737300000, 0x0000000737300000| Complete 
| 288|0x0000000737400000, 0x0000000737500000, 0x0000000737500000|100%| E|CS|TAMS 0x0000000737400000, 0x0000000737400000| Complete 
| 289|0x0000000737500000, 0x0000000737600000, 0x0000000737600000|100%| E|CS|TAMS 0x0000000737500000, 0x0000000737500000| Complete 
| 290|0x0000000737600000, 0x0000000737700000, 0x0000000737700000|100%| E|CS|TAMS 0x0000000737600000, 0x0000000737600000| Complete 
| 291|0x0000000737700000, 0x0000000737800000, 0x0000000737800000|100%| E|CS|TAMS 0x0000000737700000, 0x0000000737700000| Complete 
| 292|0x0000000737800000, 0x0000000737900000, 0x0000000737900000|100%| E|CS|TAMS 0x0000000737800000, 0x0000000737800000| Complete 
| 293|0x0000000737900000, 0x0000000737a00000, 0x0000000737a00000|100%| E|CS|TAMS 0x0000000737900000, 0x0000000737900000| Complete 
| 294|0x0000000737a00000, 0x0000000737b00000, 0x0000000737b00000|100%| E|CS|TAMS 0x0000000737a00000, 0x0000000737a00000| Complete 
| 295|0x0000000737b00000, 0x0000000737c00000, 0x0000000737c00000|100%| E|CS|TAMS 0x0000000737b00000, 0x0000000737b00000| Complete 
| 296|0x0000000737c00000, 0x0000000737d00000, 0x0000000737d00000|100%| E|CS|TAMS 0x0000000737c00000, 0x0000000737c00000| Complete 
| 297|0x0000000737d00000, 0x0000000737e00000, 0x0000000737e00000|100%| E|CS|TAMS 0x0000000737d00000, 0x0000000737d00000| Complete 
| 298|0x0000000737e00000, 0x0000000737f00000, 0x0000000737f00000|100%| E|CS|TAMS 0x0000000737e00000, 0x0000000737e00000| Complete 
| 299|0x0000000737f00000, 0x0000000738000000, 0x0000000738000000|100%| E|CS|TAMS 0x0000000737f00000, 0x0000000737f00000| Complete 
| 300|0x0000000738000000, 0x0000000738100000, 0x0000000738100000|100%| E|CS|TAMS 0x0000000738000000, 0x0000000738000000| Complete 
| 301|0x0000000738100000, 0x0000000738200000, 0x0000000738200000|100%| E|CS|TAMS 0x0000000738100000, 0x0000000738100000| Complete 
| 302|0x0000000738200000, 0x0000000738300000, 0x0000000738300000|100%| E|CS|TAMS 0x0000000738200000, 0x0000000738200000| Complete 
| 303|0x0000000738300000, 0x0000000738400000, 0x0000000738400000|100%| E|CS|TAMS 0x0000000738300000, 0x0000000738300000| Complete 
| 304|0x0000000738400000, 0x0000000738500000, 0x0000000738500000|100%| E|CS|TAMS 0x0000000738400000, 0x0000000738400000| Complete 
| 305|0x0000000738500000, 0x0000000738600000, 0x0000000738600000|100%| E|CS|TAMS 0x0000000738500000, 0x0000000738500000| Complete 

Card table byte_map: [0x000002073dfc0000,0x000002073e6a0000] _byte_map_base: 0x000002073a696000

Marking Bits (Prev, Next): (CMBitMap*) 0x000002072ae25b00, (CMBitMap*) 0x000002072ae25ac8
 Prev Bits: [0x0000020742430000, 0x0000020745ae0000)
 Next Bits: [0x000002073ed80000, 0x0000020742430000)

Polling page: 0x0000020728d80000

Metaspace:

Usage:
  Non-class:     87.56 MB capacity,    86.18 MB ( 98%) used,     1.10 MB (  1%) free+waste,   280.50 KB ( <1%) overhead. 
      Class:     13.07 MB capacity,    12.23 MB ( 94%) used,   739.30 KB (  6%) free+waste,   121.75 KB ( <1%) overhead. 
       Both:    100.63 MB capacity,    98.41 MB ( 98%) used,     1.82 MB (  2%) free+waste,   402.25 KB ( <1%) overhead. 

Virtual space:
  Non-class space:       88.00 MB reserved,      87.76 MB (>99%) committed 
      Class space:        1.00 GB reserved,      13.13 MB (  1%) committed 
             Both:        1.09 GB reserved,     100.88 MB (  9%) committed 

Chunk freelists:
   Non-Class:  15.00 KB
       Class:  20.00 KB
        Both:  35.00 KB

MaxMetaspaceSize: 17179869184.00 GB
CompressedClassSpaceSize: 1.00 GB
Initial GC threshold: 20.80 MB
Current GC threshold: 157.93 MB
CDS: off

CodeHeap 'non-profiled nmethods': size=120064Kb used=9879Kb max_used=9879Kb free=110185Kb
 bounds [0x00000207363a0000, 0x0000020736d50000, 0x000002073d8e0000]
CodeHeap 'profiled nmethods': size=120000Kb used=34032Kb max_used=34032Kb free=85967Kb
 bounds [0x000002072ee70000, 0x0000020730fb0000, 0x00000207363a0000]
CodeHeap 'non-nmethods': size=5696Kb used=2398Kb max_used=2465Kb free=3297Kb
 bounds [0x000002072e8e0000, 0x000002072eb50000, 0x000002072ee70000]
 total_blobs=15562 nmethods=14644 adapters=830
 compilation: enabled
              stopped_count=0, restarted_count=0
 full_count=0

Compilation events (20 events):
Event: 47.238 Thread 0x00000207488e1800 14779       3       com.sun.org.apache.xerces.internal.impl.dtd.XMLDTDValidator::setProperty (1 bytes)
Event: 47.239 Thread 0x00000207488e1800 nmethod 14779 0x0000020730fa3410 code [0x0000020730fa35c0, 0x0000020730fa36b8]
Event: 47.239 Thread 0x00000207488e1800 14780       3       com.sun.org.apache.xerces.internal.impl.XMLEntityManager::setProperty (306 bytes)
Event: 47.241 Thread 0x00000207488e1800 nmethod 14780 0x0000020730fa3790 code [0x0000020730fa3c80, 0x0000020730fa6728]
Event: 47.241 Thread 0x00000207488e1800 14781       3       com.sun.org.apache.xerces.internal.impl.XMLErrorReporter::setProperty (47 bytes)
Event: 47.242 Thread 0x00000207488e1800 nmethod 14781 0x0000020730fa7210 code [0x0000020730fa7460, 0x0000020730fa7d98]
Event: 47.242 Thread 0x00000207488e1800 14782       3       com.sun.org.apache.xerces.internal.impl.XMLDocumentFragmentScannerImpl::setProperty (154 bytes)
Event: 47.243 Thread 0x00000207488e1800 nmethod 14782 0x0000020730fa8090 code [0x0000020730fa8420, 0x0000020730fa9b98]
Event: 47.243 Thread 0x00000207488e1800 14783       3       com.sun.org.apache.xerces.internal.util.ParserConfigurationSettings::setProperty (39 bytes)
Event: 47.244 Thread 0x00000207488e1800 nmethod 14783 0x0000020730faa210 code [0x0000020730faa400, 0x0000020730faa808]
Event: 47.254 Thread 0x00000207488e1800 14784       3       java.lang.Math::floorMod (10 bytes)
Event: 47.254 Thread 0x00000207488e1800 nmethod 14784 0x0000020730faaa10 code [0x0000020730faabc0, 0x0000020730faadf8]
Event: 47.264 Thread 0x00000207488dd000 14785       4       org.gradle.cache.internal.btree.KeyHasher$MessageDigestStream::getChecksum (41 bytes)
Event: 47.267 Thread 0x00000207488e1800 14786       3       org.gradle.internal.operations.DefaultBuildOperationQueue::access$700 (6 bytes)
Event: 47.267 Thread 0x00000207488e1800 nmethod 14786 0x0000020730faaf10 code [0x0000020730fab0c0, 0x0000020730fab1c8]
Event: 47.271 Thread 0x00000207488e1800 14787       3       com.sun.org.apache.xerces.internal.impl.XMLDocumentFragmentScannerImpl::getPropertyDefault (36 bytes)
Event: 47.272 Thread 0x00000207488e1800 nmethod 14787 0x0000020730fab290 code [0x0000020730fab460, 0x0000020730fab728]
Event: 47.272 Thread 0x00000207488e1800 14788       3       com.sun.org.apache.xerces.internal.impl.XMLEntityManager$RewindableInputStream::read (168 bytes)
Event: 47.272 Thread 0x00000207488e1800 nmethod 14788 0x0000020730fab890 code [0x0000020730fabaa0, 0x0000020730fac0a8]
Event: 47.274 Thread 0x00000207488dd000 nmethod 14785 0x0000020736d44c10 code [0x0000020736d44e20, 0x0000020736d454d0]

GC Heap History (20 events):
Event: 30.679 GC heap before
{Heap before GC invocations=16 (full 0):
 garbage-first heap   total 261120K, used 200443K [0x0000000725400000, 0x0000000800000000)
  region size 1024K, 134 young (137216K), 9 survivors (9216K)
 Metaspace       used 87406K, capacity 89595K, committed 89864K, reserved 1126400K
  class space    used 11386K, capacity 12221K, committed 12288K, reserved 1048576K
}
Event: 30.705 GC heap after
{Heap after GC invocations=17 (full 0):
 garbage-first heap   total 261120K, used 84410K [0x0000000725400000, 0x0000000800000000)
  region size 1024K, 17 young (17408K), 17 survivors (17408K)
 Metaspace       used 87406K, capacity 89595K, committed 89864K, reserved 1126400K
  class space    used 11386K, capacity 12221K, committed 12288K, reserved 1048576K
}
Event: 33.794 GC heap before
{Heap before GC invocations=17 (full 0):
 garbage-first heap   total 261120K, used 202170K [0x0000000725400000, 0x0000000800000000)
  region size 1024K, 133 young (136192K), 17 survivors (17408K)
 Metaspace       used 90166K, capacity 92380K, committed 92680K, reserved 1130496K
  class space    used 11632K, capacity 12460K, committed 12544K, reserved 1048576K
}
Event: 33.821 GC heap after
{Heap after GC invocations=18 (full 0):
 garbage-first heap   total 261120K, used 91905K [0x0000000725400000, 0x0000000800000000)
  region size 1024K, 8 young (8192K), 8 survivors (8192K)
 Metaspace       used 90166K, capacity 92380K, committed 92680K, reserved 1130496K
  class space    used 11632K, capacity 12460K, committed 12544K, reserved 1048576K
}
Event: 36.361 GC heap before
{Heap before GC invocations=18 (full 0):
 garbage-first heap   total 261120K, used 216833K [0x0000000725400000, 0x0000000800000000)
  region size 1024K, 120 young (122880K), 8 survivors (8192K)
 Metaspace       used 92051K, capacity 94313K, committed 94472K, reserved 1130496K
  class space    used 11787K, capacity 12677K, committed 12800K, reserved 1048576K
}
Event: 36.398 GC heap after
{Heap after GC invocations=19 (full 0):
 garbage-first heap   total 261120K, used 116736K [0x0000000725400000, 0x0000000800000000)
  region size 1024K, 15 young (15360K), 15 survivors (15360K)
 Metaspace       used 92051K, capacity 94313K, committed 94472K, reserved 1130496K
  class space    used 11787K, capacity 12677K, committed 12800K, reserved 1048576K
}
Event: 38.627 GC heap before
{Heap before GC invocations=19 (full 0):
 garbage-first heap   total 261120K, used 176128K [0x0000000725400000, 0x0000000800000000)
  region size 1024K, 61 young (62464K), 15 survivors (15360K)
 Metaspace       used 94223K, capacity 96519K, committed 96776K, reserved 1132544K
  class space    used 12060K, capacity 12943K, committed 13056K, reserved 1048576K
}
Event: 38.670 GC heap after
{Heap after GC invocations=20 (full 0):
 garbage-first heap   total 261120K, used 130560K [0x0000000725400000, 0x0000000800000000)
  region size 1024K, 9 young (9216K), 9 survivors (9216K)
 Metaspace       used 94223K, capacity 96519K, committed 96776K, reserved 1132544K
  class space    used 12060K, capacity 12943K, committed 13056K, reserved 1048576K
}
Event: 40.004 GC heap before
{Heap before GC invocations=21 (full 0):
 garbage-first heap   total 261120K, used 196096K [0x0000000725400000, 0x0000000800000000)
  region size 1024K, 71 young (72704K), 9 survivors (9216K)
 Metaspace       used 98071K, capacity 100310K, committed 100616K, reserved 1136640K
  class space    used 12329K, capacity 13202K, committed 13312K, reserved 1048576K
}
Event: 40.025 GC heap after
{Heap after GC invocations=22 (full 0):
 garbage-first heap   total 313344K, used 131584K [0x0000000725400000, 0x0000000800000000)
  region size 1024K, 9 young (9216K), 9 survivors (9216K)
 Metaspace       used 98071K, capacity 100310K, committed 100616K, reserved 1136640K
  class space    used 12329K, capacity 13202K, committed 13312K, reserved 1048576K
}
Event: 42.035 GC heap before
{Heap before GC invocations=22 (full 0):
 garbage-first heap   total 313344K, used 220672K [0x0000000725400000, 0x0000000800000000)
  region size 1024K, 95 young (97280K), 9 survivors (9216K)
 Metaspace       used 99456K, capacity 101710K, committed 101896K, reserved 1138688K
  class space    used 12433K, capacity 13283K, committed 13312K, reserved 1048576K
}
Event: 42.044 GC heap after
{Heap after GC invocations=23 (full 0):
 garbage-first heap   total 313344K, used 129338K [0x0000000725400000, 0x0000000800000000)
  region size 1024K, 3 young (3072K), 3 survivors (3072K)
 Metaspace       used 99456K, capacity 101710K, committed 101896K, reserved 1138688K
  class space    used 12433K, capacity 13283K, committed 13312K, reserved 1048576K
}
Event: 42.621 GC heap before
{Heap before GC invocations=23 (full 0):
 garbage-first heap   total 313344K, used 224570K [0x0000000725400000, 0x0000000800000000)
  region size 1024K, 97 young (99328K), 3 survivors (3072K)
 Metaspace       used 99506K, capacity 101774K, committed 101896K, reserved 1138688K
  class space    used 12433K, capacity 13283K, committed 13312K, reserved 1048576K
}
Event: 42.631 GC heap after
{Heap after GC invocations=24 (full 0):
 garbage-first heap   total 313344K, used 130207K [0x0000000725400000, 0x0000000800000000)
  region size 1024K, 4 young (4096K), 4 survivors (4096K)
 Metaspace       used 99506K, capacity 101774K, committed 101896K, reserved 1138688K
  class space    used 12433K, capacity 13283K, committed 13312K, reserved 1048576K
}
Event: 45.602 GC heap before
{Heap before GC invocations=24 (full 0):
 garbage-first heap   total 313344K, used 232607K [0x0000000725400000, 0x0000000800000000)
  region size 1024K, 103 young (105472K), 4 survivors (4096K)
 Metaspace       used 100702K, capacity 102970K, committed 103048K, reserved 1138688K
  class space    used 12525K, capacity 13386K, committed 13440K, reserved 1048576K
}
Event: 45.613 GC heap after
{Heap after GC invocations=25 (full 0):
 garbage-first heap   total 313344K, used 131196K [0x0000000725400000, 0x0000000800000000)
  region size 1024K, 7 young (7168K), 7 survivors (7168K)
 Metaspace       used 100702K, capacity 102970K, committed 103048K, reserved 1138688K
  class space    used 12525K, capacity 13386K, committed 13440K, reserved 1048576K
}
Event: 46.894 GC heap before
{Heap before GC invocations=25 (full 0):
 garbage-first heap   total 313344K, used 237692K [0x0000000725400000, 0x0000000800000000)
  region size 1024K, 110 young (112640K), 7 survivors (7168K)
 Metaspace       used 100756K, capacity 103043K, committed 103304K, reserved 1138688K
  class space    used 12526K, capacity 13388K, committed 13440K, reserved 1048576K
}
Event: 46.903 GC heap after
{Heap after GC invocations=26 (full 0):
 garbage-first heap   total 313344K, used 135416K [0x0000000725400000, 0x0000000800000000)
  region size 1024K, 9 young (9216K), 9 survivors (9216K)
 Metaspace       used 100756K, capacity 103043K, committed 103304K, reserved 1138688K
  class space    used 12526K, capacity 13388K, committed 13440K, reserved 1048576K
}
Event: 47.370 GC heap before
{Heap before GC invocations=26 (full 0):
 garbage-first heap   total 313344K, used 241912K [0x0000000725400000, 0x0000000800000000)
  region size 1024K, 114 young (116736K), 9 survivors (9216K)
 Metaspace       used 100773K, capacity 103045K, committed 103304K, reserved 1138688K
  class space    used 12526K, capacity 13388K, committed 13440K, reserved 1048576K
}
Event: 47.381 GC heap after
{Heap after GC invocations=27 (full 0):
 garbage-first heap   total 313344K, used 136317K [0x0000000725400000, 0x0000000800000000)
  region size 1024K, 8 young (8192K), 8 survivors (8192K)
 Metaspace       used 100773K, capacity 103045K, committed 103304K, reserved 1138688K
  class space    used 12526K, capacity 13388K, committed 13440K, reserved 1048576K
}

Deoptimization events (20 events):
Event: 45.232 Thread 0x0000020749693000 DEOPT PACKING pc=0x0000020736b1efb4 sp=0x00000050215fb790
Event: 45.232 Thread 0x0000020749693000 DEOPT UNPACKING pc=0x000002072e92a1a9 sp=0x00000050215fb750 mode 2
Event: 45.248 Thread 0x0000020748a55000 Uncommon trap: trap_request=0xffffffc6 fr.pc=0x0000020736b1efb4 relative=0x00000000000007d4
Event: 45.248 Thread 0x0000020748a55000 Uncommon trap: reason=bimorphic_or_optimized_type_check action=maybe_recompile pc=0x0000020736b1efb4 method=java.util.concurrent.locks.AbstractQueuedSynchronizer.acquireQueued(Ljava/util/concurrent/locks/AbstractQueuedSynchronizer$Node;I)Z @ 19 c2
Event: 45.248 Thread 0x0000020748a55000 DEOPT PACKING pc=0x0000020736b1efb4 sp=0x000000501edf47e0
Event: 45.248 Thread 0x0000020748a55000 DEOPT UNPACKING pc=0x000002072e92a1a9 sp=0x000000501edf47a0 mode 2
Event: 45.282 Thread 0x000002074ad37800 DEOPT PACKING pc=0x0000020730e5204c sp=0x00000050222faed0
Event: 45.282 Thread 0x000002074ad37800 DEOPT UNPACKING pc=0x000002072e92a93f sp=0x00000050222fa410 mode 0
Event: 45.738 Thread 0x0000020749697800 Uncommon trap: trap_request=0xffffff4d fr.pc=0x0000020736c8ed1c relative=0x0000000000002abc
Event: 45.738 Thread 0x0000020749697800 Uncommon trap: reason=unstable_if action=reinterpret pc=0x0000020736c8ed1c method=org.gradle.api.internal.changedetection.state.MetaInfAwareClasspathResourceHasher.hash(Lorg/gradle/internal/fingerprint/hashing/ZipEntryContext;)Lorg/gradle/internal/hash/Ha
Event: 45.738 Thread 0x0000020749697800 DEOPT PACKING pc=0x0000020736c8ed1c sp=0x00000050214fb8c0
Event: 45.739 Thread 0x0000020749697800 DEOPT UNPACKING pc=0x000002072e92a1a9 sp=0x00000050214fb800 mode 2
Event: 45.947 Thread 0x000002074ad35000 Uncommon trap: trap_request=0xffffff4d fr.pc=0x0000020736ca523c relative=0x00000000000024bc
Event: 45.947 Thread 0x000002074ad35000 Uncommon trap: reason=unstable_if action=reinterpret pc=0x0000020736ca523c method=org.gradle.api.internal.changedetection.state.MetaInfAwareClasspathResourceHasher.hash(Lorg/gradle/internal/fingerprint/hashing/ZipEntryContext;)Lorg/gradle/internal/hash/Ha
Event: 45.947 Thread 0x000002074ad35000 DEOPT PACKING pc=0x0000020736ca523c sp=0x0000005021efb7a0
Event: 45.947 Thread 0x000002074ad35000 DEOPT UNPACKING pc=0x000002072e92a1a9 sp=0x0000005021efb730 mode 2
Event: 46.866 Thread 0x000002074af19800 Uncommon trap: trap_request=0xffffff4d fr.pc=0x0000020736d2c7a4 relative=0x0000000000001024
Event: 46.866 Thread 0x000002074af19800 Uncommon trap: reason=unstable_if action=reinterpret pc=0x0000020736d2c7a4 method=org.gradle.cache.internal.btree.FreeListBlockStore$FreeListBlock.alloc(Lorg/gradle/cache/internal/btree/Block;)V @ 149 c2
Event: 46.866 Thread 0x000002074af19800 DEOPT PACKING pc=0x0000020736d2c7a4 sp=0x000000501e3fd650
Event: 46.866 Thread 0x000002074af19800 DEOPT UNPACKING pc=0x000002072e92a1a9 sp=0x000000501e3fd658 mode 2

Classes redefined (0 events):
No events

Internal exceptions (20 events):
Event: 41.518 Thread 0x00000207528f4000 Exception <a 'sun/nio/fs/WindowsException'{0x0000000733fcf150}> (0x0000000733fcf150) thrown at [./src/hotspot/share/prims/jni.cpp, line 615]
Event: 41.523 Thread 0x00000207528f4000 Exception <a 'sun/nio/fs/WindowsException'{0x0000000733fd0418}> (0x0000000733fd0418) thrown at [./src/hotspot/share/prims/jni.cpp, line 615]
Event: 41.537 Thread 0x00000207528f4000 Exception <a 'sun/nio/fs/WindowsException'{0x0000000733fd1718}> (0x0000000733fd1718) thrown at [./src/hotspot/share/prims/jni.cpp, line 615]
Event: 41.545 Thread 0x00000207528f4000 Exception <a 'sun/nio/fs/WindowsException'{0x0000000733e98fc0}> (0x0000000733e98fc0) thrown at [./src/hotspot/share/prims/jni.cpp, line 615]
Event: 41.550 Thread 0x00000207528f4000 Exception <a 'sun/nio/fs/WindowsException'{0x0000000733e9a2a0}> (0x0000000733e9a2a0) thrown at [./src/hotspot/share/prims/jni.cpp, line 615]
Event: 41.554 Thread 0x00000207528f4000 Exception <a 'sun/nio/fs/WindowsException'{0x0000000733e9b548}> (0x0000000733e9b548) thrown at [./src/hotspot/share/prims/jni.cpp, line 615]
Event: 41.556 Thread 0x00000207528f4000 Exception <a 'sun/nio/fs/WindowsException'{0x0000000733e9c830}> (0x0000000733e9c830) thrown at [./src/hotspot/share/prims/jni.cpp, line 615]
Event: 41.561 Thread 0x00000207528f4000 Exception <a 'sun/nio/fs/WindowsException'{0x0000000733edcae8}> (0x0000000733edcae8) thrown at [./src/hotspot/share/prims/jni.cpp, line 615]
Event: 41.563 Thread 0x00000207528f4000 Exception <a 'sun/nio/fs/WindowsException'{0x0000000733edde98}> (0x0000000733edde98) thrown at [./src/hotspot/share/prims/jni.cpp, line 615]
Event: 41.564 Thread 0x00000207528f4000 Exception <a 'sun/nio/fs/WindowsException'{0x0000000733edf190}> (0x0000000733edf190) thrown at [./src/hotspot/share/prims/jni.cpp, line 615]
Event: 41.565 Thread 0x00000207528f4000 Exception <a 'sun/nio/fs/WindowsException'{0x0000000733ee0418}> (0x0000000733ee0418) thrown at [./src/hotspot/share/prims/jni.cpp, line 615]
Event: 41.566 Thread 0x00000207528f4000 Exception <a 'sun/nio/fs/WindowsException'{0x0000000733ee16a0}> (0x0000000733ee16a0) thrown at [./src/hotspot/share/prims/jni.cpp, line 615]
Event: 41.567 Thread 0x00000207528f4000 Exception <a 'sun/nio/fs/WindowsException'{0x0000000733efdd38}> (0x0000000733efdd38) thrown at [./src/hotspot/share/prims/jni.cpp, line 615]
Event: 41.600 Thread 0x00000207528f4000 Exception <a 'sun/nio/fs/WindowsException'{0x0000000733c32350}> (0x0000000733c32350) thrown at [./src/hotspot/share/prims/jni.cpp, line 615]
Event: 41.601 Thread 0x00000207528f4000 Exception <a 'sun/nio/fs/WindowsException'{0x0000000733c339d0}> (0x0000000733c339d0) thrown at [./src/hotspot/share/prims/jni.cpp, line 615]
Event: 41.602 Thread 0x00000207528f4000 Exception <a 'sun/nio/fs/WindowsException'{0x0000000733c34ed0}> (0x0000000733c34ed0) thrown at [./src/hotspot/share/prims/jni.cpp, line 615]
Event: 43.764 Thread 0x00000207528f4000 Implicit null exception at 0x00000207366ba098 to 0x00000207366ba838
Event: 43.865 Thread 0x00000207528f4000 Exception <a 'sun/nio/fs/WindowsException'{0x00000007353a1470}> (0x00000007353a1470) thrown at [./src/hotspot/share/prims/jni.cpp, line 615]
Event: 43.865 Thread 0x00000207528f4000 Exception <a 'sun/nio/fs/WindowsException'{0x00000007353a2300}> (0x00000007353a2300) thrown at [./src/hotspot/share/prims/jni.cpp, line 615]
Event: 44.871 Thread 0x00000207528f7800 Exception <a 'java/lang/NoSuchMethodError'{0x00000007339f22a0}: <clinit>> (0x00000007339f22a0) thrown at [./src/hotspot/share/prims/jni.cpp, line 1365]

Events (20 events):
Event: 45.083 loading class com/android/ide/common/xml/ManifestData$Activity
Event: 45.083 loading class com/android/ide/common/xml/ManifestData$Activity done
Event: 45.084 loading class com/android/ide/common/xml/ManifestData$KeepClass
Event: 45.084 loading class com/android/ide/common/xml/ManifestData$KeepClass done
Event: 45.282 Executing VM operation: RevokeBias
Event: 45.282 Executing VM operation: RevokeBias done
Event: 45.303 Executing VM operation: RevokeBias
Event: 45.303 Executing VM operation: RevokeBias done
Event: 45.602 Executing VM operation: G1CollectForAllocation
Event: 45.613 Executing VM operation: G1CollectForAllocation done
Event: 46.017 loading class java/util/concurrent/locks/ReentrantReadWriteLock$Sync$HoldCounter
Event: 46.017 loading class java/util/concurrent/locks/ReentrantReadWriteLock$Sync$HoldCounter done
Event: 46.770 Thread 0x000002074e11d800 Thread exited: 0x000002074e11d800
Event: 46.894 Executing VM operation: G1CollectForAllocation
Event: 46.903 Executing VM operation: G1CollectForAllocation done
Event: 46.903 Executing VM operation: RevokeBias
Event: 46.904 Executing VM operation: RevokeBias done
Event: 46.904 Thread 0x000002074e948000 Thread exited: 0x000002074e948000
Event: 47.369 Executing VM operation: G1CollectForAllocation
Event: 47.381 Executing VM operation: G1CollectForAllocation done


Dynamic libraries:
0x00007ff7eebb0000 - 0x00007ff7eebba000 	C:\Program Files\Android\Android Studio\jre\bin\java.exe
0x00007ff89bdb0000 - 0x00007ff89bfa8000 	C:\WINDOWS\SYSTEM32\ntdll.dll
0x00007ff89a760000 - 0x00007ff89a81d000 	C:\WINDOWS\System32\KERNEL32.DLL
0x00007ff899ad0000 - 0x00007ff899d9e000 	C:\WINDOWS\System32\KERNELBASE.dll
0x00007ff899550000 - 0x00007ff899650000 	C:\WINDOWS\System32\ucrtbase.dll
0x00007ff882770000 - 0x00007ff882789000 	C:\Program Files\Android\Android Studio\jre\bin\jli.dll
0x00007ff8819c0000 - 0x00007ff8819d7000 	C:\Program Files\Android\Android Studio\jre\bin\VCRUNTIME140.dll
0x00007ff89bac0000 - 0x00007ff89bc60000 	C:\WINDOWS\System32\USER32.dll
0x00007ff8989d0000 - 0x00007ff898c6a000 	C:\WINDOWS\WinSxS\amd64_microsoft.windows.common-controls_6595b64144ccf1df_6.0.19041.1110_none_60b5254171f9507e\COMCTL32.dll
0x00007ff8999f0000 - 0x00007ff899a12000 	C:\WINDOWS\System32\win32u.dll
0x00007ff89b8a0000 - 0x00007ff89b93e000 	C:\WINDOWS\System32\msvcrt.dll
0x00007ff899e10000 - 0x00007ff899e3a000 	C:\WINDOWS\System32\GDI32.dll
0x00007ff899650000 - 0x00007ff89975b000 	C:\WINDOWS\System32\gdi32full.dll
0x00007ff8998c0000 - 0x00007ff89995d000 	C:\WINDOWS\System32\msvcp_win.dll
0x00007ff89ab80000 - 0x00007ff89abb0000 	C:\WINDOWS\System32\IMM32.DLL
0x00007ff8701f0000 - 0x00007ff87028d000 	C:\Program Files\Android\Android Studio\jre\bin\msvcp140.dll
0x00007ff86f690000 - 0x00007ff870175000 	C:\Program Files\Android\Android Studio\jre\bin\server\jvm.dll
0x00007ff89bcc0000 - 0x00007ff89bd6e000 	C:\WINDOWS\System32\ADVAPI32.dll
0x00007ff89ba10000 - 0x00007ff89baac000 	C:\WINDOWS\System32\sechost.dll
0x00007ff89a820000 - 0x00007ff89a945000 	C:\WINDOWS\System32\RPCRT4.dll
0x00007ff89bab0000 - 0x00007ff89bab8000 	C:\WINDOWS\System32\PSAPI.DLL
0x00007ff897260000 - 0x00007ff897269000 	C:\WINDOWS\SYSTEM32\WSOCK32.dll
0x00007ff890fb0000 - 0x00007ff890fd7000 	C:\WINDOWS\SYSTEM32\WINMM.dll
0x00007ff894230000 - 0x00007ff89423a000 	C:\WINDOWS\SYSTEM32\VERSION.dll
0x00007ff89b940000 - 0x00007ff89b9ab000 	C:\WINDOWS\System32\WS2_32.dll
0x00007ff896600000 - 0x00007ff896612000 	C:\WINDOWS\SYSTEM32\kernel.appcore.dll
0x00007ff88d850000 - 0x00007ff88d861000 	C:\Program Files\Android\Android Studio\jre\bin\verify.dll
0x00007ff899030000 - 0x00007ff899214000 	C:\WINDOWS\SYSTEM32\DBGHELP.DLL
0x00007ff898e30000 - 0x00007ff898e5c000 	C:\WINDOWS\SYSTEM32\dbgcore.DLL
0x00007ff899960000 - 0x00007ff8999e2000 	C:\WINDOWS\System32\bcryptPrimitives.dll
0x00007ff88d810000 - 0x00007ff88d839000 	C:\Program Files\Android\Android Studio\jre\bin\java.dll
0x00007ff896840000 - 0x00007ff89684b000 	C:\Program Files\Android\Android Studio\jre\bin\jimage.dll
0x00007ff88ad50000 - 0x00007ff88ad68000 	C:\Program Files\Android\Android Studio\jre\bin\zip.dll
0x00007ff89ace0000 - 0x00007ff89b423000 	C:\WINDOWS\System32\SHELL32.dll
0x00007ff896900000 - 0x00007ff897095000 	C:\WINDOWS\SYSTEM32\windows.storage.dll
0x00007ff899e40000 - 0x00007ff89a194000 	C:\WINDOWS\System32\combase.dll
0x00007ff898850000 - 0x00007ff898880000 	C:\WINDOWS\SYSTEM32\Wldp.dll
0x00007ff89a3d0000 - 0x00007ff89a47d000 	C:\WINDOWS\System32\SHCORE.dll
0x00007ff89bc60000 - 0x00007ff89bcb5000 	C:\WINDOWS\System32\shlwapi.dll
0x00007ff899410000 - 0x00007ff89942f000 	C:\WINDOWS\SYSTEM32\profapi.dll
0x00007ff88ab00000 - 0x00007ff88ab1a000 	C:\Program Files\Android\Android Studio\jre\bin\net.dll
0x00007ff88c490000 - 0x00007ff88c59a000 	C:\WINDOWS\SYSTEM32\WINHTTP.dll
0x00007ff898540000 - 0x00007ff8985aa000 	C:\WINDOWS\system32\mswsock.dll
0x00007ff88a990000 - 0x00007ff88a9a4000 	C:\Program Files\Android\Android Studio\jre\bin\nio.dll
0x00007ff87b1a0000 - 0x00007ff87b1c7000 	C:\Users\PC\.gradle\native\e1d6ef7f7dcc3fd88c89a11ec53ec762bb8ba0a96d01ffa2cd45eb1d1d8dd5c5\windows-amd64\native-platform.dll
0x00007ff86f540000 - 0x00007ff86f684000 	C:\Users\PC\.gradle\native\5664cfc778a61ccfe75a443a1ab52a65af34e5dc3c78e0209fed803814484fcb\windows-amd64\native-platform-file-events.dll
0x00007ff894180000 - 0x00007ff89418a000 	C:\Program Files\Android\Android Studio\jre\bin\management.dll
0x00007ff894090000 - 0x00007ff89409d000 	C:\Program Files\Android\Android Studio\jre\bin\management_ext.dll
0x00007ff899260000 - 0x00007ff899278000 	C:\WINDOWS\SYSTEM32\CRYPTSP.dll
0x00007ff897ee0000 - 0x00007ff897f14000 	C:\WINDOWS\system32\rsaenh.dll
0x00007ff899520000 - 0x00007ff899547000 	C:\WINDOWS\System32\bcrypt.dll
0x00007ff8993d0000 - 0x00007ff8993fe000 	C:\WINDOWS\SYSTEM32\USERENV.dll
0x00007ff898730000 - 0x00007ff89873c000 	C:\WINDOWS\SYSTEM32\CRYPTBASE.dll
0x00007ff898230000 - 0x00007ff89826b000 	C:\WINDOWS\SYSTEM32\IPHLPAPI.DLL
0x00007ff89a1a0000 - 0x00007ff89a1a8000 	C:\WINDOWS\System32\NSI.dll
0x00007ff892140000 - 0x00007ff892157000 	C:\WINDOWS\SYSTEM32\dhcpcsvc6.DLL
0x00007ff892020000 - 0x00007ff89203d000 	C:\WINDOWS\SYSTEM32\dhcpcsvc.DLL
0x00007ff898280000 - 0x00007ff89834a000 	C:\WINDOWS\SYSTEM32\DNSAPI.dll
0x00007ff899220000 - 0x00007ff899253000 	C:\WINDOWS\SYSTEM32\ntmarta.dll

dbghelp: loaded successfully - version: 4.0.5 - missing functions: none
symbol engine: initialized successfully - sym options: 0x614 - pdb path: .;C:\Program Files\Android\Android Studio\jre\bin;C:\WINDOWS\SYSTEM32;C:\WINDOWS\WinSxS\amd64_microsoft.windows.common-controls_6595b64144ccf1df_6.0.19041.1110_none_60b5254171f9507e;C:\Program Files\Android\Android Studio\jre\bin\server;C:\Users\PC\.gradle\native\e1d6ef7f7dcc3fd88c89a11ec53ec762bb8ba0a96d01ffa2cd45eb1d1d8dd5c5\windows-amd64;C:\Users\PC\.gradle\native\5664cfc778a61ccfe75a443a1ab52a65af34e5dc3c78e0209fed803814484fcb\windows-amd64

VM Arguments:
jvm_args: -XX:MaxPermSize=512m --add-opens=java.base/java.util=ALL-UNNAMED --add-opens=java.base/java.lang=ALL-UNNAMED --add-opens=java.base/java.lang.invoke=ALL-UNNAMED --add-opens=java.base/java.util=ALL-UNNAMED --add-opens=java.prefs/java.util.prefs=ALL-UNNAMED --add-opens=java.prefs/java.util.prefs=ALL-UNNAMED --add-opens=java.base/java.nio.charset=ALL-UNNAMED --add-opens=java.base/java.net=ALL-UNNAMED --add-opens=java.base/java.util.concurrent.atomic=ALL-UNNAMED -Xmx3500M -Dfile.encoding=UTF-8 -Duser.country=RU -Duser.language=ru -Duser.variant 
java_command: org.gradle.launcher.daemon.bootstrap.GradleDaemon 7.3.3
java_class_path (initial): C:\Users\PC\.gradle\wrapper\dists\gradle-7.3.3-bin\6a41zxkdtcxs8rphpq6y0069z\gradle-7.3.3\lib\gradle-launcher-7.3.3.jar
Launcher Type: SUN_STANDARD

[Global flags]
     intx CICompilerCount                          = 3                                         {product} {ergonomic}
     uint ConcGCThreads                            = 1                                         {product} {ergonomic}
     uint G1ConcRefinementThreads                  = 4                                         {product} {ergonomic}
   size_t G1HeapRegionSize                         = 1048576                                   {product} {ergonomic}
    uintx GCDrainStackTargetSize                   = 64                                        {product} {ergonomic}
   size_t InitialHeapSize                          = 184549376                                 {product} {ergonomic}
   size_t MarkStackSize                            = 4194304                                   {product} {ergonomic}
   size_t MaxHeapSize                              = 3670016000                                {product} {command line}
   size_t MaxNewSize                               = 2202009600                                {product} {ergonomic}
   size_t MinHeapDeltaBytes                        = 1048576                                   {product} {ergonomic}
    uintx NonNMethodCodeHeapSize                   = 5830732                                {pd product} {ergonomic}
    uintx NonProfiledCodeHeapSize                  = 122913754                              {pd product} {ergonomic}
    uintx ProfiledCodeHeapSize                     = 122913754                              {pd product} {ergonomic}
    uintx ReservedCodeCacheSize                    = 251658240                              {pd product} {ergonomic}
     bool SegmentedCodeCache                       = true                                      {product} {ergonomic}
     bool UseCompressedClassPointers               = true                                 {lp64_product} {ergonomic}
     bool UseCompressedOops                        = true                                 {lp64_product} {ergonomic}
     bool UseG1GC                                  = true                                      {product} {ergonomic}
     bool UseLargePagesIndividualAllocation        = false                                  {pd product} {ergonomic}

Logging:
Log output configuration:
 #0: stdout all=warning uptime,level,tags
 #1: stderr all=off uptime,level,tags

Environment Variables:
JAVA_HOME=C:\Program Files\Android\Android Studio\jre
PATH=C:\Program Files\Common Files\Oracle\Java\javapath;C:\Program Files (x86)\Common Files\Oracle\Java\javapath;C:\Program Files (x86)\Razer Chroma SDK\bin;C:\Program Files\Razer Chroma SDK\bin;C:\Program Files (x86)\Razer\ChromaBroadcast\bin;C:\Program Files\Razer\ChromaBroadcast\bin;C:\Program Files (x86)\Google\Chrome\Application;C:\ProgramData\Oracle\Java\javapath;C:\Windows\System32;C:\Windows;C:\Windows\System32\wbem;C:\Windows\System32\WindowsPowerShell\v1.0\;C:\Program Files\NVIDIA Corporation\NVIDIA NvDLISR;C:\Windows\System32\OpenSSH\;C:\Program Files (x86)\GnuPG\bin;C:\Program Files\LLVM\bin;C:\Program Files\Microsoft SQL Server\130\Tools\Binn\;C:\WINDOWS\system32;C:\WINDOWS;C:\WINDOWS\System32\Wbem;C:\WINDOWS\System32\WindowsPowerShell\v1.0\;C:\WINDOWS\System32\OpenSSH\;C:\Program Files (x86)\NVIDIA Corporation\PhysX\Common;C:\Users\PC\AppData\Local\Microsoft\WindowsApps;C:\Users\PC\AppData\Local\atom\bin;C:\Users\PC\AppData\Local\Microsoft\WindowsApps;C:\Users\PC\.dotnet\tools;C:\WINDOWS\system32\config\systemprofile\AppData\Local\Microsoft\WindowsApps;E:\Git\cmd;C:\Program Files\Git\cmd;C:\Users\PC\AppData\Local\Microsoft\WindowsApps;C:\Users\PC\AppData\Local\atom\bin;C:\Users\PC\AppData\Local\Microsoft\WindowsApps;C:\Users\PC\AppData\Local\Android\android-sdk\cmdline-tools\6.0\bin;C:\Users\PC\AppData\Local\Android\android-sdk\cmdline-tools\6.0;C:\Users\PC\AppData\Local\Android\android-sdk\platform-tools;C:\Users\PC\AppData\Local\GitHubDesktop\bin;C:\Users\PC\AppData\Local\JetBrains\Toolbox\scripts
USERNAME=PC
OS=Windows_NT
PROCESSOR_IDENTIFIER=AMD64 Family 16 Model 4 Stepping 3, AuthenticAMD



---------------  S Y S T E M  ---------------

OS: Windows 10 , 64 bit Build 19041 (10.0.19041.1889)
OS uptime: 1 days 22:29 hours

CPU:total 4 (initial active 4) (4 cores per cpu, 1 threads per core) family 16 model 4 stepping 3 microcode 0x0, cmov, cx8, fxsr, mmx, sse, sse2, sse3, popcnt, mmxext, 3dnowpref, lzcnt, sse4a, tsc, tscinvbit, tscinv

Memory: 4k page, system-wide physical 11260M (4487M free)
TotalPageFile size 17327M (AvailPageFile size 9412M)
current process WorkingSet (physical memory assigned to process): 592M, peak: 604M
current process commit charge ("private bytes"): 621M, peak: 633M

vm_info: OpenJDK 64-Bit Server VM (11.0.12+7-b1504.28-7817840) for windows-amd64 JRE (11.0.12+7-b1504.28-7817840), built on Oct 13 2021 22:12:33 by "builder" with MS VC++ 14.0 (VS2015)

END.
